#
# A fatal error has been detected by the Java Runtime Environment:
#
#  SIGSEGV (0xb) at pc=0x000000010e67dbdb, pid=81946, tid=24067
#
# JRE version: Java(TM) SE Runtime Environment (12.0.2+10) (build 12.0.2+10)
# Java VM: Java HotSpot(TM) 64-Bit Server VM (12.0.2+10, mixed mode, sharing, tiered, compressed oops, g1 gc, bsd-amd64)
# Problematic frame:
# V  [libjvm.dylib+0x50dbdb]  PhaseIdealLoop::build_loop_early(VectorSet&, Node_List&, Node_Stack&)+0x1bf
#
# No core dump will be written. Core dumps have been disabled. To enable core dumping, try "ulimit -c unlimited" before starting Java again
#
# If you would like to submit a bug report, please visit:
#   http://bugreport.java.com/bugreport/crash.jsp
#

---------------  S U M M A R Y ------------

Command Line: -javaagent:/Applications/IntelliJ IDEA.app/Contents/lib/idea_rt.jar=61324:/Applications/IntelliJ IDEA.app/Contents/bin -Dfile.encoding=UTF-8 FailliTesi

Host: MacBookPro18,3 x86_64 2400 MHz, 8 cores, 16G, Darwin 22.1.0
Time: Thu Mar 16 15:42:41 2023 CET elapsed time: 2 seconds (0d 0h 0m 2s)

---------------  T H R E A D  ---------------

Current thread (0x00007f861d815800):  JavaThread "C2 CompilerThread0" daemon [_thread_in_native, id=24067, stack(0x000000030ebe2000,0x000000030ece2000)]


Current CompileTask:
C2:   2975 1486       4       jdk.internal.math.FloatingDecimal$BinaryToASCIIBuffer::dtoa (1509 bytes)

Stack: [0x000000030ebe2000,0x000000030ece2000],  sp=0x000000030ecddf20,  free space=1007k
Native frames: (J=compiled Java code, A=aot compiled Java code, j=interpreted, Vv=VM code, C=native code)
V  [libjvm.dylib+0x50dbdb]  PhaseIdealLoop::build_loop_early(VectorSet&, Node_List&, Node_Stack&)+0x1bf
V  [libjvm.dylib+0x50d0cc]  PhaseIdealLoop::build_and_optimize(LoopOptsMode)+0x5ac
V  [libjvm.dylib+0x21c6b8]  Compile::optimize_loops(PhaseIterGVN&, LoopOptsMode)+0xaa
V  [libjvm.dylib+0x219b6f]  Compile::Optimize()+0xc13
V  [libjvm.dylib+0x2182c7]  Compile::Compile(ciEnv*, C2Compiler*, ciMethod*, int, bool, bool, bool, DirectiveSet*)+0x853
V  [libjvm.dylib+0x19dbdb]  C2Compiler::compile_method(ciEnv*, ciMethod*, int, DirectiveSet*)+0xad
V  [libjvm.dylib+0x224ca3]  CompileBroker::invoke_compiler_on_method(CompileTask*)+0x57f
V  [libjvm.dylib+0x2245b2]  CompileBroker::compiler_thread_loop()+0x19a
V  [libjvm.dylib+0x6e2ecc]  JavaThread::thread_main_inner()+0x82
V  [libjvm.dylib+0x6e2d16]  JavaThread::run()+0x16c
V  [libjvm.dylib+0x6e0c1c]  Thread::call_run()+0x68
V  [libjvm.dylib+0x5db0df]  thread_native_entry(Thread*)+0x139
C  [libsystem_pthread.dylib+0x6259]  _pthread_start+0x7d
C  [libsystem_pthread.dylib+0x1c7b]  thread_start+0xf


siginfo: si_signo: 11 (SIGSEGV), si_code: 1 (SEGV_MAPERR), si_addr: 0x0000000134be2e70

Register to memory mapping:

RAX=0x000000010ea27280: _ZTV7PhiNode+0x10 in /Library/Java/JavaVirtualMachines/jdk-12.0.2.jdk/Contents/Home/lib/server/libjvm.dylib at 0x000000010e170000
RBX=0x00007f861f401870 points into unknown readable memory: 80 63 a2 0e 01 00 00 00
RCX=0x0000000000000030 is an unknown value
RDX=0x00000000000007ca is an unknown value
RSP=0x000000030ecddf20 is pointing into the stack for thread: 0x00007f861d815800
RBP=0x000000030ecddf80 is pointing into the stack for thread: 0x00007f861d815800
RSI=0x00000000000007ca is an unknown value
RDI=0x00007f85fcdde890 points into unknown readable memory: 80 72 a2 0e 01 00 00 00
R8 =0x0 is NULL
R9 =0x00007f861f28fa40 points into unknown readable memory: 50 8b a3 0e 01 00 00 00
R10=0x00007f861f28ee30 points into unknown readable memory: 50 8b a3 0e 01 00 00 00
R11=0x00007f861f28c4b8 points into unknown readable memory: 50 8b a3 0e 01 00 00 00
R12=0x000000030ecde350 is pointing into the stack for thread: 0x00007f861d815800
R13=0x000000000000001a is an unknown value
R14=0x00007f85fcdde890 points into unknown readable memory: 80 72 a2 0e 01 00 00 00
R15=0x000000000000001a is an unknown value


Registers:
RAX=0x000000010ea27280, RBX=0x00007f861f401870, RCX=0x0000000000000030, RDX=0x00000000000007ca
RSP=0x000000030ecddf20, RBP=0x000000030ecddf80, RSI=0x00000000000007ca, RDI=0x00007f85fcdde890
R8 =0x0000000000000000, R9 =0x00007f861f28fa40, R10=0x00007f861f28ee30, R11=0x00007f861f28c4b8
R12=0x000000030ecde350, R13=0x000000000000001a, R14=0x00007f85fcdde890, R15=0x000000000000001a
RIP=0x000000010e67dbdb, EFLAGS=0x0000000000000206, ERR=0x0000000000000004
  TRAPNO=0x000000000000000e

Top of Stack: (sp=0x000000030ecddf20)
0x000000030ecddf20:   000000030ecde2b0 000000030ecde370
0x000000030ecddf30:   000000030ecdece0 000000030ecde2e0
0x000000030ecddf40:   000000030ecde288 00007f861f401870
0x000000030ecddf50:   0000000000000030 00007f860c7056b8
0x000000030ecddf60:   000000030ecde350 000000030ecde360
0x000000030ecddf70:   0000000000000005 000060000253a220
0x000000030ecddf80:   000000030ecde340 000000010e67d0cc
0x000000030ecddf90:   ffffffffffffffff 000060000253a220
0x000000030ecddfa0:   0000000000000004 00007f861f3a6330
0x000000030ecddfb0:   0000000000000000 fffffff8ffffffff
0x000000030ecddfc0:   00007f85e0004000 000000010ea4b420
0x000000030ecddfd0:   000000030ecde440 000000030ece0138
0x000000030ecddfe0:   000000030ecde060 000000010e28db06
0x000000030ecddff0:   000000030ecde028 0000000000000000
0x000000030ecde000:   0000000000000004 ffffffffffffffff
0x000000030ecde010:   ffffffffffffffff 00000000ffffffff
0x000000030ecde020:   0000000000000000 00007f85e8008000
0x000000030ecde030:   0000000000000003 000000010d47b600
0x000000030ecde040:   000000030ecde090 00007ff811a989af
0x000000030ecde050:   0000000000000016 000000030ecde440
0x000000030ecde060:   000000030ecde660 0000000000000000
0x000000030ecde070:   0000000000003c00 000000010d429680
0x000000030ecde080:   000000010d47b600 000000010d477a00
0x000000030ecde090:   000000030ecde130 00007ff811a982cd
0x000000030ecde0a0:   0000000000000000 0000000000000007
0x000000030ecde0b0:   00007f85e0000000 000000010ea4b420
0x000000030ecde0c0:   000000010e9670e0 0000000000000014
0x000000030ecde0d0:   000000030ecde6d0 000000010e173bf4
0x000000030ecde0e0:   0000000000000004 ffffffffffffffff
0x000000030ecde0f0:   00000000ffffffff 0000000000000003
0x000000030ecde100:   0000000700000003 000000030ecde1b0
0x000000030ecde110:   0000000000010010 000000030ecde1b0 

Instructions: (pc=0x000000010e67dbdb)
0x000000010e67dadb:   48 89 de e8 4d 4e ff ff 84 c0 4c 89 e8 74 0c 8b
0x000000010e67daeb:   43 28 48 c1 e0 03 49 03 44 24 30 4c 8b 30 49 83
0x000000010e67dafb:   7e 18 00 74 b3 41 80 bc 24 b0 09 00 00 00 0f 85
0x000000010e67db0b:   a5 00 00 00 49 83 bc 24 a8 09 00 00 00 0f 85 96
0x000000010e67db1b:   00 00 00 41 f6 46 59 04 0f 84 8b 00 00 00 48 8b
0x000000010e67db2b:   03 48 89 df ff 10 3d f6 00 00 00 75 7c 4c 89 e7
0x000000010e67db3b:   48 89 de e8 2f ae ff ff 84 c0 48 8b 4d d0 74 6d
0x000000010e67db4b:   48 8b 43 08 4c 8b 38 4c 89 e7 48 89 de 4c 89 fa
0x000000010e67db5b:   e8 80 4d ff ff 49 8b 7e 60 48 85 ff 74 08 48 89
0x000000010e67db6b:   de e8 6d 96 0b 00 41 8b 77 28 89 f0 c1 e8 05 48
0x000000010e67db7b:   8b 7d a0 3b 47 10 0f 83 b4 01 00 00 89 f2 80 e2
0x000000010e67db8b:   1f bb 01 00 00 00 89 f1 d3 e3 48 8b 4f 18 89 c0
0x000000010e67db9b:   8b 34 81 09 f3 89 1c 81 0f b6 c2 0f a3 c6 0f 82
0x000000010e67dbab:   bc 01 00 00 e9 8d 01 00 00 48 8b 4d d0 41 39 cf
0x000000010e67dbbb:   0f 83 fb 00 00 00 45 89 fd 48 8b 43 08 4e 8b 34
0x000000010e67dbcb:   e8 4d 85 f6 0f 84 db 00 00 00 49 8b 06 4c 89 f7
0x000000010e67dbdb:   ff 90 a8 00 00 00 84 c0 74 3b 49 8b 06 4c 89 f7
0x000000010e67dbeb:   ff 50 10 84 c0 75 2e 49 8b 46 08 48 8b 18 45 8b
0x000000010e67dbfb:   7e 28 48 ff c3 45 39 7c 24 28 77 0c 48 8b 7d a8
0x000000010e67dc0b:   44 89 fe e8 bb 92 0b 00 49 8b 44 24 30 4a 89 1c
0x000000010e67dc1b:   f8 48 8b 5d c8 41 8b 76 28 89 f0 c1 e8 05 48 8b
0x000000010e67dc2b:   7d a0 3b 47 10 73 1d ba 01 00 00 00 89 f1 d3 e2
0x000000010e67dc3b:   48 8b 4f 18 89 c6 8b 3c b1 89 f8 21 d0 09 fa 89
0x000000010e67dc4b:   14 b1 eb 08 48 8b 07 ff 50 20 31 c0 41 8b 4e 28
0x000000010e67dc5b:   41 39 4c 24 28 0f 86 9c 00 00 00 49 8b 54 24 30
0x000000010e67dc6b:   48 83 3c ca 00 0f 84 8c 00 00 00 85 c0 48 8b 4d
0x000000010e67dc7b:   d0 75 32 48 8b 5d b8 8b 43 08 44 8b 7b 18 41 8d
0x000000010e67dc8b:   4f 01 89 4b 18 44 39 f8 77 0b 48 89 df 44 89 fe
0x000000010e67dc9b:   e8 2e 92 0b 00 48 8b 43 10 4e 89 34 f8 48 8b 5d
0x000000010e67dcab:   c8 48 8b 4d d0 49 ff c5 49 39 cd 0f 82 08 ff ff
0x000000010e67dcbb:   ff 4c 89 e7 48 89 de e8 69 4c ff ff 84 c0 48 89
0x000000010e67dccb:   de 48 8b 5d b8 75 08 4c 89 e7 e8 68 8e ff ff 48 


Stack slot to memory mapping:
stack at sp + 0 slots: 0x000000030ecde2b0 is pointing into the stack for thread: 0x00007f861d815800
stack at sp + 1 slots: 0x000000030ecde370 is pointing into the stack for thread: 0x00007f861d815800
stack at sp + 2 slots: 0x000000030ecdece0 is pointing into the stack for thread: 0x00007f861d815800
stack at sp + 3 slots: 0x000000030ecde2e0 is pointing into the stack for thread: 0x00007f861d815800
stack at sp + 4 slots: 0x000000030ecde288 is pointing into the stack for thread: 0x00007f861d815800
stack at sp + 5 slots: 0x00007f861f401870 points into unknown readable memory: 80 63 a2 0e 01 00 00 00
stack at sp + 6 slots: 0x0000000000000030 is an unknown value
stack at sp + 7 slots: 0x00007f860c7056b8 points into unknown readable memory: 18 ef a2 0e 01 00 00 00


---------------  P R O C E S S  ---------------

Threads class SMR info:
_java_thread_list=0x0000600002b086e0, length=12, elements={
0x00007f861f00e000, 0x00007f861f041000, 0x00007f861f044000, 0x00007f85fc808800,
0x00007f861d815800, 0x00007f861d816000, 0x00007f861d911800, 0x00007f861d817000,
0x00007f85dc80d800, 0x00007f861f16e800, 0x00007f861d053800, 0x00007f861f1c7000
}

Java Threads: ( => current thread )
  0x00007f861f00e000 JavaThread "main" [_thread_in_native, id=9987, stack(0x000000030e0b6000,0x000000030e1b6000)]
  0x00007f861f041000 JavaThread "Reference Handler" daemon [_thread_blocked, id=19203, stack(0x000000030e7cb000,0x000000030e8cb000)]
  0x00007f861f044000 JavaThread "Finalizer" daemon [_thread_blocked, id=19459, stack(0x000000030e8ce000,0x000000030e9ce000)]
  0x00007f85fc808800 JavaThread "Signal Dispatcher" daemon [_thread_blocked, id=23555, stack(0x000000030eadf000,0x000000030ebdf000)]
=>0x00007f861d815800 JavaThread "C2 CompilerThread0" daemon [_thread_in_native, id=24067, stack(0x000000030ebe2000,0x000000030ece2000)]
  0x00007f861d816000 JavaThread "C1 CompilerThread0" daemon [_thread_blocked, id=24323, stack(0x000000030ece5000,0x000000030ede5000)]
  0x00007f861d911800 JavaThread "Sweeper thread" daemon [_thread_blocked, id=24835, stack(0x000000030ede8000,0x000000030eee8000)]
  0x00007f861d817000 JavaThread "Common-Cleaner" daemon [_thread_blocked, id=25603, stack(0x000000030eeeb000,0x000000030efeb000)]
  0x00007f85dc80d800 JavaThread "Monitor Ctrl-Break" daemon [_thread_in_native, id=27651, stack(0x000000030efee000,0x000000030f0ee000)]
  0x00007f861f16e800 JavaThread "Service Thread" daemon [_thread_blocked, id=27139, stack(0x000000030f0f1000,0x000000030f1f1000)]
  0x00007f861d053800 JavaThread "Attach Listener" daemon [_thread_blocked, id=42243, stack(0x000000030f2f7000,0x000000030f3f7000)]
  0x00007f861f1c7000 JavaThread "AppKit Thread" daemon [_thread_in_native, id=259, stack(0x000000030d833000,0x000000030e033000)]

Other Threads:
  0x00007f861d8f0000 VMThread "VM Thread" [stack: 0x000000030e6c8000,0x000000030e7c8000] [id=20739]
  0x00007f861f04b000 WatcherThread [stack: 0x000000030f1f4000,0x000000030f2f4000] [id=26643]
  0x00007f861f012000 GCTaskThread "GC Thread#0" [stack: 0x000000030e1b9000,0x000000030e2b9000] [id=12803]
  0x00007f861d9bd000 GCTaskThread "GC Thread#1" [stack: 0x000000030f3fa000,0x000000030f4fa000] [id=41827]
  0x00007f861d9bd800 GCTaskThread "GC Thread#2" [stack: 0x000000030f4fd000,0x000000030f5fd000] [id=33795]
  0x00007f861d9d5800 GCTaskThread "GC Thread#3" [stack: 0x000000030f600000,0x000000030f700000] [id=34051]
  0x00007f861d9d6800 GCTaskThread "GC Thread#4" [stack: 0x000000030f703000,0x000000030f803000] [id=41219]
  0x00007f861d9d7000 GCTaskThread "GC Thread#5" [stack: 0x000000030f806000,0x000000030f906000] [id=34563]
  0x00007f861d80d800 ConcurrentGCThread "G1 Main Marker" [stack: 0x000000030e2bc000,0x000000030e3bc000] [id=13315]
  0x00007f861d832000 ConcurrentGCThread "G1 Conc#0" [stack: 0x000000030e3bf000,0x000000030e4bf000] [id=16387]
  0x00007f861d8d2000 ConcurrentGCThread "G1 Refine#0" [stack: 0x000000030e4c2000,0x000000030e5c2000] [id=16899]
  0x00007f861d8d3000 ConcurrentGCThread "G1 Young RemSet Sampling" [stack: 0x000000030e5c5000,0x000000030e6c5000] [id=17155]

Threads with active compile tasks:
C2 CompilerThread0  1486       4       jdk.internal.math.FloatingDecimal$BinaryToASCIIBuffer::dtoa (1509 bytes)

VM state:not at safepoint (normal execution)

VM Mutex/Monitor currently owned by a thread: None

Heap address: 0x0000000700000000, size: 4096 MB, Compressed Oops mode: Zero based, Oop shift amount: 3
Narrow klass base: 0x0000000800000000, Narrow klass shift: 3
Compressed class space size: 1073741824 Address: 0x0000000801101000

Heap:
 garbage-first heap   total 264192K, used 144399K [0x0000000700000000, 0x0000000800000000)
  region size 1024K, 140 young (143360K), 4 survivors (4096K)
 Metaspace       used 4821K, capacity 6131K, committed 6400K, reserved 1056768K
  class space    used 476K, capacity 707K, committed 768K, reserved 1048576K
Heap Regions: E=young(eden), S=young(survivor), O=old, HS=humongous(starts), HC=humongous(continues), CS=collection set, F=free, A=archive, TAMS=top-at-mark-start (previous, next)
|   0|0x0000000700000000, 0x0000000700100000, 0x0000000700100000|100%| O|  |TAMS 0x0000000700000000, 0x0000000700000000| Untracked 
|   1|0x0000000700100000, 0x0000000700200000, 0x0000000700200000|100%| O|  |TAMS 0x0000000700100000, 0x0000000700100000| Untracked 
|   2|0x0000000700200000, 0x0000000700222a00, 0x0000000700300000| 13%| O|  |TAMS 0x0000000700200000, 0x0000000700200000| Untracked 
|   3|0x0000000700300000, 0x0000000700300000, 0x0000000700400000|  0%| F|  |TAMS 0x0000000700300000, 0x0000000700300000| Untracked 
|   4|0x0000000700400000, 0x0000000700400000, 0x0000000700500000|  0%| F|  |TAMS 0x0000000700400000, 0x0000000700400000| Untracked 
|   5|0x0000000700500000, 0x0000000700500000, 0x0000000700600000|  0%| F|  |TAMS 0x0000000700500000, 0x0000000700500000| Untracked 
|   6|0x0000000700600000, 0x0000000700600000, 0x0000000700700000|  0%| F|  |TAMS 0x0000000700600000, 0x0000000700600000| Untracked 
|   7|0x0000000700700000, 0x0000000700700000, 0x0000000700800000|  0%| F|  |TAMS 0x0000000700700000, 0x0000000700700000| Untracked 
|   8|0x0000000700800000, 0x0000000700800000, 0x0000000700900000|  0%| F|  |TAMS 0x0000000700800000, 0x0000000700800000| Untracked 
|   9|0x0000000700900000, 0x0000000700900000, 0x0000000700a00000|  0%| F|  |TAMS 0x0000000700900000, 0x0000000700900000| Untracked 
|  10|0x0000000700a00000, 0x0000000700a00000, 0x0000000700b00000|  0%| F|  |TAMS 0x0000000700a00000, 0x0000000700a00000| Untracked 
|  11|0x0000000700b00000, 0x0000000700b00000, 0x0000000700c00000|  0%| F|  |TAMS 0x0000000700b00000, 0x0000000700b00000| Untracked 
|  12|0x0000000700c00000, 0x0000000700c00000, 0x0000000700d00000|  0%| F|  |TAMS 0x0000000700c00000, 0x0000000700c00000| Untracked 
|  13|0x0000000700d00000, 0x0000000700d00000, 0x0000000700e00000|  0%| F|  |TAMS 0x0000000700d00000, 0x0000000700d00000| Untracked 
|  14|0x0000000700e00000, 0x0000000700e00000, 0x0000000700f00000|  0%| F|  |TAMS 0x0000000700e00000, 0x0000000700e00000| Untracked 
|  15|0x0000000700f00000, 0x0000000700f00000, 0x0000000701000000|  0%| F|  |TAMS 0x0000000700f00000, 0x0000000700f00000| Untracked 
|  16|0x0000000701000000, 0x0000000701000000, 0x0000000701100000|  0%| F|  |TAMS 0x0000000701000000, 0x0000000701000000| Untracked 
|  17|0x0000000701100000, 0x0000000701100000, 0x0000000701200000|  0%| F|  |TAMS 0x0000000701100000, 0x0000000701100000| Untracked 
|  18|0x0000000701200000, 0x0000000701200000, 0x0000000701300000|  0%| F|  |TAMS 0x0000000701200000, 0x0000000701200000| Untracked 
|  19|0x0000000701300000, 0x0000000701300000, 0x0000000701400000|  0%| F|  |TAMS 0x0000000701300000, 0x0000000701300000| Untracked 
|  20|0x0000000701400000, 0x0000000701400000, 0x0000000701500000|  0%| F|  |TAMS 0x0000000701400000, 0x0000000701400000| Untracked 
|  21|0x0000000701500000, 0x0000000701500000, 0x0000000701600000|  0%| F|  |TAMS 0x0000000701500000, 0x0000000701500000| Untracked 
|  22|0x0000000701600000, 0x0000000701600000, 0x0000000701700000|  0%| F|  |TAMS 0x0000000701600000, 0x0000000701600000| Untracked 
|  23|0x0000000701700000, 0x0000000701700000, 0x0000000701800000|  0%| F|  |TAMS 0x0000000701700000, 0x0000000701700000| Untracked 
|  24|0x0000000701800000, 0x0000000701800000, 0x0000000701900000|  0%| F|  |TAMS 0x0000000701800000, 0x0000000701800000| Untracked 
|  25|0x0000000701900000, 0x0000000701900000, 0x0000000701a00000|  0%| F|  |TAMS 0x0000000701900000, 0x0000000701900000| Untracked 
|  26|0x0000000701a00000, 0x0000000701a00000, 0x0000000701b00000|  0%| F|  |TAMS 0x0000000701a00000, 0x0000000701a00000| Untracked 
|  27|0x0000000701b00000, 0x0000000701b00000, 0x0000000701c00000|  0%| F|  |TAMS 0x0000000701b00000, 0x0000000701b00000| Untracked 
|  28|0x0000000701c00000, 0x0000000701c00000, 0x0000000701d00000|  0%| F|  |TAMS 0x0000000701c00000, 0x0000000701c00000| Untracked 
|  29|0x0000000701d00000, 0x0000000701d00000, 0x0000000701e00000|  0%| F|  |TAMS 0x0000000701d00000, 0x0000000701d00000| Untracked 
|  30|0x0000000701e00000, 0x0000000701e00000, 0x0000000701f00000|  0%| F|  |TAMS 0x0000000701e00000, 0x0000000701e00000| Untracked 
|  31|0x0000000701f00000, 0x0000000701f00000, 0x0000000702000000|  0%| F|  |TAMS 0x0000000701f00000, 0x0000000701f00000| Untracked 
|  32|0x0000000702000000, 0x0000000702000000, 0x0000000702100000|  0%| F|  |TAMS 0x0000000702000000, 0x0000000702000000| Untracked 
|  33|0x0000000702100000, 0x0000000702100000, 0x0000000702200000|  0%| F|  |TAMS 0x0000000702100000, 0x0000000702100000| Untracked 
|  34|0x0000000702200000, 0x0000000702200000, 0x0000000702300000|  0%| F|  |TAMS 0x0000000702200000, 0x0000000702200000| Untracked 
|  35|0x0000000702300000, 0x0000000702300000, 0x0000000702400000|  0%| F|  |TAMS 0x0000000702300000, 0x0000000702300000| Untracked 
|  36|0x0000000702400000, 0x0000000702400000, 0x0000000702500000|  0%| F|  |TAMS 0x0000000702400000, 0x0000000702400000| Untracked 
|  37|0x0000000702500000, 0x0000000702500000, 0x0000000702600000|  0%| F|  |TAMS 0x0000000702500000, 0x0000000702500000| Untracked 
|  38|0x0000000702600000, 0x0000000702600000, 0x0000000702700000|  0%| F|  |TAMS 0x0000000702600000, 0x0000000702600000| Untracked 
|  39|0x0000000702700000, 0x0000000702700000, 0x0000000702800000|  0%| F|  |TAMS 0x0000000702700000, 0x0000000702700000| Untracked 
|  40|0x0000000702800000, 0x0000000702800000, 0x0000000702900000|  0%| F|  |TAMS 0x0000000702800000, 0x0000000702800000| Untracked 
|  41|0x0000000702900000, 0x0000000702900000, 0x0000000702a00000|  0%| F|  |TAMS 0x0000000702900000, 0x0000000702900000| Untracked 
|  42|0x0000000702a00000, 0x0000000702a00000, 0x0000000702b00000|  0%| F|  |TAMS 0x0000000702a00000, 0x0000000702a00000| Untracked 
|  43|0x0000000702b00000, 0x0000000702b00000, 0x0000000702c00000|  0%| F|  |TAMS 0x0000000702b00000, 0x0000000702b00000| Untracked 
|  44|0x0000000702c00000, 0x0000000702c00000, 0x0000000702d00000|  0%| F|  |TAMS 0x0000000702c00000, 0x0000000702c00000| Untracked 
|  45|0x0000000702d00000, 0x0000000702d00000, 0x0000000702e00000|  0%| F|  |TAMS 0x0000000702d00000, 0x0000000702d00000| Untracked 
|  46|0x0000000702e00000, 0x0000000702e00000, 0x0000000702f00000|  0%| F|  |TAMS 0x0000000702e00000, 0x0000000702e00000| Untracked 
|  47|0x0000000702f00000, 0x0000000702f00000, 0x0000000703000000|  0%| F|  |TAMS 0x0000000702f00000, 0x0000000702f00000| Untracked 
|  48|0x0000000703000000, 0x0000000703000000, 0x0000000703100000|  0%| F|  |TAMS 0x0000000703000000, 0x0000000703000000| Untracked 
|  49|0x0000000703100000, 0x0000000703100000, 0x0000000703200000|  0%| F|  |TAMS 0x0000000703100000, 0x0000000703100000| Untracked 
|  50|0x0000000703200000, 0x0000000703200000, 0x0000000703300000|  0%| F|  |TAMS 0x0000000703200000, 0x0000000703200000| Untracked 
|  51|0x0000000703300000, 0x0000000703300000, 0x0000000703400000|  0%| F|  |TAMS 0x0000000703300000, 0x0000000703300000| Untracked 
|  52|0x0000000703400000, 0x0000000703400000, 0x0000000703500000|  0%| F|  |TAMS 0x0000000703400000, 0x0000000703400000| Untracked 
|  53|0x0000000703500000, 0x0000000703500000, 0x0000000703600000|  0%| F|  |TAMS 0x0000000703500000, 0x0000000703500000| Untracked 
|  54|0x0000000703600000, 0x0000000703600000, 0x0000000703700000|  0%| F|  |TAMS 0x0000000703600000, 0x0000000703600000| Untracked 
|  55|0x0000000703700000, 0x0000000703700000, 0x0000000703800000|  0%| F|  |TAMS 0x0000000703700000, 0x0000000703700000| Untracked 
|  56|0x0000000703800000, 0x0000000703800000, 0x0000000703900000|  0%| F|  |TAMS 0x0000000703800000, 0x0000000703800000| Untracked 
|  57|0x0000000703900000, 0x0000000703900000, 0x0000000703a00000|  0%| F|  |TAMS 0x0000000703900000, 0x0000000703900000| Untracked 
|  58|0x0000000703a00000, 0x0000000703a00000, 0x0000000703b00000|  0%| F|  |TAMS 0x0000000703a00000, 0x0000000703a00000| Untracked 
|  59|0x0000000703b00000, 0x0000000703b00000, 0x0000000703c00000|  0%| F|  |TAMS 0x0000000703b00000, 0x0000000703b00000| Untracked 
|  60|0x0000000703c00000, 0x0000000703c00000, 0x0000000703d00000|  0%| F|  |TAMS 0x0000000703c00000, 0x0000000703c00000| Untracked 
|  61|0x0000000703d00000, 0x0000000703d00000, 0x0000000703e00000|  0%| F|  |TAMS 0x0000000703d00000, 0x0000000703d00000| Untracked 
|  62|0x0000000703e00000, 0x0000000703e00000, 0x0000000703f00000|  0%| F|  |TAMS 0x0000000703e00000, 0x0000000703e00000| Untracked 
|  63|0x0000000703f00000, 0x0000000703f00000, 0x0000000704000000|  0%| F|  |TAMS 0x0000000703f00000, 0x0000000703f00000| Untracked 
|  64|0x0000000704000000, 0x0000000704000000, 0x0000000704100000|  0%| F|  |TAMS 0x0000000704000000, 0x0000000704000000| Untracked 
|  65|0x0000000704100000, 0x0000000704100000, 0x0000000704200000|  0%| F|  |TAMS 0x0000000704100000, 0x0000000704100000| Untracked 
|  66|0x0000000704200000, 0x0000000704200000, 0x0000000704300000|  0%| F|  |TAMS 0x0000000704200000, 0x0000000704200000| Untracked 
|  67|0x0000000704300000, 0x0000000704300000, 0x0000000704400000|  0%| F|  |TAMS 0x0000000704300000, 0x0000000704300000| Untracked 
|  68|0x0000000704400000, 0x0000000704400000, 0x0000000704500000|  0%| F|  |TAMS 0x0000000704400000, 0x0000000704400000| Untracked 
|  69|0x0000000704500000, 0x0000000704500000, 0x0000000704600000|  0%| F|  |TAMS 0x0000000704500000, 0x0000000704500000| Untracked 
|  70|0x0000000704600000, 0x0000000704600000, 0x0000000704700000|  0%| F|  |TAMS 0x0000000704600000, 0x0000000704600000| Untracked 
|  71|0x0000000704700000, 0x0000000704700000, 0x0000000704800000|  0%| F|  |TAMS 0x0000000704700000, 0x0000000704700000| Untracked 
|  72|0x0000000704800000, 0x0000000704800000, 0x0000000704900000|  0%| F|  |TAMS 0x0000000704800000, 0x0000000704800000| Untracked 
|  73|0x0000000704900000, 0x0000000704900000, 0x0000000704a00000|  0%| F|  |TAMS 0x0000000704900000, 0x0000000704900000| Untracked 
|  74|0x0000000704a00000, 0x0000000704a00000, 0x0000000704b00000|  0%| F|  |TAMS 0x0000000704a00000, 0x0000000704a00000| Untracked 
|  75|0x0000000704b00000, 0x0000000704b00000, 0x0000000704c00000|  0%| F|  |TAMS 0x0000000704b00000, 0x0000000704b00000| Untracked 
|  76|0x0000000704c00000, 0x0000000704c00000, 0x0000000704d00000|  0%| F|  |TAMS 0x0000000704c00000, 0x0000000704c00000| Untracked 
|  77|0x0000000704d00000, 0x0000000704d00000, 0x0000000704e00000|  0%| F|  |TAMS 0x0000000704d00000, 0x0000000704d00000| Untracked 
|  78|0x0000000704e00000, 0x0000000704e00000, 0x0000000704f00000|  0%| F|  |TAMS 0x0000000704e00000, 0x0000000704e00000| Untracked 
|  79|0x0000000704f00000, 0x0000000704f00000, 0x0000000705000000|  0%| F|  |TAMS 0x0000000704f00000, 0x0000000704f00000| Untracked 
|  80|0x0000000705000000, 0x0000000705000000, 0x0000000705100000|  0%| F|  |TAMS 0x0000000705000000, 0x0000000705000000| Untracked 
|  81|0x0000000705100000, 0x0000000705100000, 0x0000000705200000|  0%| F|  |TAMS 0x0000000705100000, 0x0000000705100000| Untracked 
|  82|0x0000000705200000, 0x0000000705200000, 0x0000000705300000|  0%| F|  |TAMS 0x0000000705200000, 0x0000000705200000| Untracked 
|  83|0x0000000705300000, 0x0000000705300000, 0x0000000705400000|  0%| F|  |TAMS 0x0000000705300000, 0x0000000705300000| Untracked 
|  84|0x0000000705400000, 0x0000000705400000, 0x0000000705500000|  0%| F|  |TAMS 0x0000000705400000, 0x0000000705400000| Untracked 
|  85|0x0000000705500000, 0x0000000705500000, 0x0000000705600000|  0%| F|  |TAMS 0x0000000705500000, 0x0000000705500000| Untracked 
|  86|0x0000000705600000, 0x0000000705600000, 0x0000000705700000|  0%| F|  |TAMS 0x0000000705600000, 0x0000000705600000| Untracked 
|  87|0x0000000705700000, 0x0000000705700000, 0x0000000705800000|  0%| F|  |TAMS 0x0000000705700000, 0x0000000705700000| Untracked 
|  88|0x0000000705800000, 0x0000000705800000, 0x0000000705900000|  0%| F|  |TAMS 0x0000000705800000, 0x0000000705800000| Untracked 
|  89|0x0000000705900000, 0x0000000705900000, 0x0000000705a00000|  0%| F|  |TAMS 0x0000000705900000, 0x0000000705900000| Untracked 
|  90|0x0000000705a00000, 0x0000000705a00000, 0x0000000705b00000|  0%| F|  |TAMS 0x0000000705a00000, 0x0000000705a00000| Untracked 
|  91|0x0000000705b00000, 0x0000000705b00000, 0x0000000705c00000|  0%| F|  |TAMS 0x0000000705b00000, 0x0000000705b00000| Untracked 
|  92|0x0000000705c00000, 0x0000000705c00000, 0x0000000705d00000|  0%| F|  |TAMS 0x0000000705c00000, 0x0000000705c00000| Untracked 
|  93|0x0000000705d00000, 0x0000000705d00000, 0x0000000705e00000|  0%| F|  |TAMS 0x0000000705d00000, 0x0000000705d00000| Untracked 
|  94|0x0000000705e00000, 0x0000000705e00000, 0x0000000705f00000|  0%| F|  |TAMS 0x0000000705e00000, 0x0000000705e00000| Untracked 
|  95|0x0000000705f00000, 0x0000000705f00000, 0x0000000706000000|  0%| F|  |TAMS 0x0000000705f00000, 0x0000000705f00000| Untracked 
|  96|0x0000000706000000, 0x0000000706000000, 0x0000000706100000|  0%| F|  |TAMS 0x0000000706000000, 0x0000000706000000| Untracked 
|  97|0x0000000706100000, 0x0000000706100000, 0x0000000706200000|  0%| F|  |TAMS 0x0000000706100000, 0x0000000706100000| Untracked 
|  98|0x0000000706200000, 0x0000000706200000, 0x0000000706300000|  0%| F|  |TAMS 0x0000000706200000, 0x0000000706200000| Untracked 
|  99|0x0000000706300000, 0x00000007063293d8, 0x0000000706400000| 16%| S|CS|TAMS 0x0000000706300000, 0x0000000706300000| Complete 
| 100|0x0000000706400000, 0x0000000706500000, 0x0000000706500000|100%| S|CS|TAMS 0x0000000706400000, 0x0000000706400000| Complete 
| 101|0x0000000706500000, 0x0000000706600000, 0x0000000706600000|100%| S|CS|TAMS 0x0000000706500000, 0x0000000706500000| Complete 
| 102|0x0000000706600000, 0x0000000706700000, 0x0000000706700000|100%| S|CS|TAMS 0x0000000706600000, 0x0000000706600000| Complete 
| 103|0x0000000706700000, 0x0000000706700000, 0x0000000706800000|  0%| F|  |TAMS 0x0000000706700000, 0x0000000706700000| Untracked 
| 104|0x0000000706800000, 0x0000000706800000, 0x0000000706900000|  0%| F|  |TAMS 0x0000000706800000, 0x0000000706800000| Untracked 
| 105|0x0000000706900000, 0x0000000706900000, 0x0000000706a00000|  0%| F|  |TAMS 0x0000000706900000, 0x0000000706900000| Untracked 
| 106|0x0000000706a00000, 0x0000000706a00000, 0x0000000706b00000|  0%| F|  |TAMS 0x0000000706a00000, 0x0000000706a00000| Untracked 
| 107|0x0000000706b00000, 0x0000000706b00000, 0x0000000706c00000|  0%| F|  |TAMS 0x0000000706b00000, 0x0000000706b00000| Untracked 
| 108|0x0000000706c00000, 0x0000000706c00000, 0x0000000706d00000|  0%| F|  |TAMS 0x0000000706c00000, 0x0000000706c00000| Untracked 
| 109|0x0000000706d00000, 0x0000000706d00000, 0x0000000706e00000|  0%| F|  |TAMS 0x0000000706d00000, 0x0000000706d00000| Untracked 
| 110|0x0000000706e00000, 0x0000000706e00000, 0x0000000706f00000|  0%| F|  |TAMS 0x0000000706e00000, 0x0000000706e00000| Untracked 
| 111|0x0000000706f00000, 0x0000000706f00000, 0x0000000707000000|  0%| F|  |TAMS 0x0000000706f00000, 0x0000000706f00000| Untracked 
| 112|0x0000000707000000, 0x0000000707000000, 0x0000000707100000|  0%| F|  |TAMS 0x0000000707000000, 0x0000000707000000| Untracked 
| 113|0x0000000707100000, 0x0000000707100000, 0x0000000707200000|  0%| F|  |TAMS 0x0000000707100000, 0x0000000707100000| Untracked 
| 114|0x0000000707200000, 0x0000000707200000, 0x0000000707300000|  0%| F|  |TAMS 0x0000000707200000, 0x0000000707200000| Untracked 
| 115|0x0000000707300000, 0x0000000707300000, 0x0000000707400000|  0%| F|  |TAMS 0x0000000707300000, 0x0000000707300000| Untracked 
| 116|0x0000000707400000, 0x0000000707400000, 0x0000000707500000|  0%| F|  |TAMS 0x0000000707400000, 0x0000000707400000| Untracked 
| 117|0x0000000707500000, 0x0000000707500000, 0x0000000707600000|  0%| F|  |TAMS 0x0000000707500000, 0x0000000707500000| Untracked 
| 118|0x0000000707600000, 0x0000000707600000, 0x0000000707700000|  0%| F|  |TAMS 0x0000000707600000, 0x0000000707600000| Untracked 
| 119|0x0000000707700000, 0x0000000707700000, 0x0000000707800000|  0%| F|  |TAMS 0x0000000707700000, 0x0000000707700000| Untracked 
| 120|0x0000000707800000, 0x0000000707800800, 0x0000000707900000|  0%| E|  |TAMS 0x0000000707800000, 0x0000000707800000| Complete 
| 121|0x0000000707900000, 0x0000000707a00000, 0x0000000707a00000|100%| E|CS|TAMS 0x0000000707900000, 0x0000000707900000| Complete 
| 122|0x0000000707a00000, 0x0000000707b00000, 0x0000000707b00000|100%| E|CS|TAMS 0x0000000707a00000, 0x0000000707a00000| Complete 
| 123|0x0000000707b00000, 0x0000000707c00000, 0x0000000707c00000|100%| E|CS|TAMS 0x0000000707b00000, 0x0000000707b00000| Complete 
| 124|0x0000000707c00000, 0x0000000707d00000, 0x0000000707d00000|100%| E|CS|TAMS 0x0000000707c00000, 0x0000000707c00000| Complete 
| 125|0x0000000707d00000, 0x0000000707e00000, 0x0000000707e00000|100%| E|CS|TAMS 0x0000000707d00000, 0x0000000707d00000| Complete 
| 126|0x0000000707e00000, 0x0000000707f00000, 0x0000000707f00000|100%| E|CS|TAMS 0x0000000707e00000, 0x0000000707e00000| Complete 
| 127|0x0000000707f00000, 0x0000000708000000, 0x0000000708000000|100%| E|CS|TAMS 0x0000000707f00000, 0x0000000707f00000| Complete 
| 128|0x0000000708000000, 0x0000000708100000, 0x0000000708100000|100%| E|CS|TAMS 0x0000000708000000, 0x0000000708000000| Complete 
| 129|0x0000000708100000, 0x0000000708200000, 0x0000000708200000|100%| E|CS|TAMS 0x0000000708100000, 0x0000000708100000| Complete 
| 130|0x0000000708200000, 0x0000000708300000, 0x0000000708300000|100%| E|CS|TAMS 0x0000000708200000, 0x0000000708200000| Complete 
| 131|0x0000000708300000, 0x0000000708400000, 0x0000000708400000|100%| E|CS|TAMS 0x0000000708300000, 0x0000000708300000| Complete 
| 132|0x0000000708400000, 0x0000000708500000, 0x0000000708500000|100%| E|CS|TAMS 0x0000000708400000, 0x0000000708400000| Complete 
| 133|0x0000000708500000, 0x0000000708600000, 0x0000000708600000|100%| E|CS|TAMS 0x0000000708500000, 0x0000000708500000| Complete 
| 134|0x0000000708600000, 0x0000000708700000, 0x0000000708700000|100%| E|CS|TAMS 0x0000000708600000, 0x0000000708600000| Complete 
| 135|0x0000000708700000, 0x0000000708800000, 0x0000000708800000|100%| E|CS|TAMS 0x0000000708700000, 0x0000000708700000| Complete 
| 136|0x0000000708800000, 0x0000000708900000, 0x0000000708900000|100%| E|CS|TAMS 0x0000000708800000, 0x0000000708800000| Complete 
| 137|0x0000000708900000, 0x0000000708a00000, 0x0000000708a00000|100%| E|CS|TAMS 0x0000000708900000, 0x0000000708900000| Complete 
| 138|0x0000000708a00000, 0x0000000708b00000, 0x0000000708b00000|100%| E|CS|TAMS 0x0000000708a00000, 0x0000000708a00000| Complete 
| 139|0x0000000708b00000, 0x0000000708c00000, 0x0000000708c00000|100%| E|CS|TAMS 0x0000000708b00000, 0x0000000708b00000| Complete 
| 140|0x0000000708c00000, 0x0000000708d00000, 0x0000000708d00000|100%| E|CS|TAMS 0x0000000708c00000, 0x0000000708c00000| Complete 
| 141|0x0000000708d00000, 0x0000000708e00000, 0x0000000708e00000|100%| E|CS|TAMS 0x0000000708d00000, 0x0000000708d00000| Complete 
| 142|0x0000000708e00000, 0x0000000708f00000, 0x0000000708f00000|100%| E|CS|TAMS 0x0000000708e00000, 0x0000000708e00000| Complete 
| 143|0x0000000708f00000, 0x0000000709000000, 0x0000000709000000|100%| E|CS|TAMS 0x0000000708f00000, 0x0000000708f00000| Complete 
| 144|0x0000000709000000, 0x0000000709100000, 0x0000000709100000|100%| E|CS|TAMS 0x0000000709000000, 0x0000000709000000| Complete 
| 145|0x0000000709100000, 0x0000000709200000, 0x0000000709200000|100%| E|CS|TAMS 0x0000000709100000, 0x0000000709100000| Complete 
| 146|0x0000000709200000, 0x0000000709300000, 0x0000000709300000|100%| E|CS|TAMS 0x0000000709200000, 0x0000000709200000| Complete 
| 147|0x0000000709300000, 0x0000000709400000, 0x0000000709400000|100%| E|CS|TAMS 0x0000000709300000, 0x0000000709300000| Complete 
| 148|0x0000000709400000, 0x0000000709500000, 0x0000000709500000|100%| E|CS|TAMS 0x0000000709400000, 0x0000000709400000| Complete 
| 149|0x0000000709500000, 0x0000000709600000, 0x0000000709600000|100%| E|CS|TAMS 0x0000000709500000, 0x0000000709500000| Complete 
| 150|0x0000000709600000, 0x0000000709700000, 0x0000000709700000|100%| E|CS|TAMS 0x0000000709600000, 0x0000000709600000| Complete 
| 151|0x0000000709700000, 0x0000000709800000, 0x0000000709800000|100%| E|CS|TAMS 0x0000000709700000, 0x0000000709700000| Complete 
| 152|0x0000000709800000, 0x0000000709900000, 0x0000000709900000|100%| E|CS|TAMS 0x0000000709800000, 0x0000000709800000| Complete 
| 153|0x0000000709900000, 0x0000000709a00000, 0x0000000709a00000|100%| E|CS|TAMS 0x0000000709900000, 0x0000000709900000| Complete 
| 154|0x0000000709a00000, 0x0000000709b00000, 0x0000000709b00000|100%| E|CS|TAMS 0x0000000709a00000, 0x0000000709a00000| Complete 
| 155|0x0000000709b00000, 0x0000000709c00000, 0x0000000709c00000|100%| E|CS|TAMS 0x0000000709b00000, 0x0000000709b00000| Complete 
| 156|0x0000000709c00000, 0x0000000709d00000, 0x0000000709d00000|100%| E|CS|TAMS 0x0000000709c00000, 0x0000000709c00000| Complete 
| 157|0x0000000709d00000, 0x0000000709e00000, 0x0000000709e00000|100%| E|CS|TAMS 0x0000000709d00000, 0x0000000709d00000| Complete 
| 158|0x0000000709e00000, 0x0000000709f00000, 0x0000000709f00000|100%| E|CS|TAMS 0x0000000709e00000, 0x0000000709e00000| Complete 
| 159|0x0000000709f00000, 0x000000070a000000, 0x000000070a000000|100%| E|CS|TAMS 0x0000000709f00000, 0x0000000709f00000| Complete 
| 160|0x000000070a000000, 0x000000070a100000, 0x000000070a100000|100%| E|CS|TAMS 0x000000070a000000, 0x000000070a000000| Complete 
| 161|0x000000070a100000, 0x000000070a200000, 0x000000070a200000|100%| E|CS|TAMS 0x000000070a100000, 0x000000070a100000| Complete 
| 162|0x000000070a200000, 0x000000070a300000, 0x000000070a300000|100%| E|CS|TAMS 0x000000070a200000, 0x000000070a200000| Complete 
| 163|0x000000070a300000, 0x000000070a400000, 0x000000070a400000|100%| E|CS|TAMS 0x000000070a300000, 0x000000070a300000| Complete 
| 164|0x000000070a400000, 0x000000070a500000, 0x000000070a500000|100%| E|CS|TAMS 0x000000070a400000, 0x000000070a400000| Complete 
| 165|0x000000070a500000, 0x000000070a600000, 0x000000070a600000|100%| E|CS|TAMS 0x000000070a500000, 0x000000070a500000| Complete 
| 166|0x000000070a600000, 0x000000070a700000, 0x000000070a700000|100%| E|CS|TAMS 0x000000070a600000, 0x000000070a600000| Complete 
| 167|0x000000070a700000, 0x000000070a800000, 0x000000070a800000|100%| E|CS|TAMS 0x000000070a700000, 0x000000070a700000| Complete 
| 168|0x000000070a800000, 0x000000070a900000, 0x000000070a900000|100%| E|CS|TAMS 0x000000070a800000, 0x000000070a800000| Complete 
| 169|0x000000070a900000, 0x000000070aa00000, 0x000000070aa00000|100%| E|CS|TAMS 0x000000070a900000, 0x000000070a900000| Complete 
| 170|0x000000070aa00000, 0x000000070ab00000, 0x000000070ab00000|100%| E|CS|TAMS 0x000000070aa00000, 0x000000070aa00000| Complete 
| 171|0x000000070ab00000, 0x000000070ac00000, 0x000000070ac00000|100%| E|CS|TAMS 0x000000070ab00000, 0x000000070ab00000| Complete 
| 172|0x000000070ac00000, 0x000000070ad00000, 0x000000070ad00000|100%| E|CS|TAMS 0x000000070ac00000, 0x000000070ac00000| Complete 
| 173|0x000000070ad00000, 0x000000070ae00000, 0x000000070ae00000|100%| E|CS|TAMS 0x000000070ad00000, 0x000000070ad00000| Complete 
| 174|0x000000070ae00000, 0x000000070af00000, 0x000000070af00000|100%| E|CS|TAMS 0x000000070ae00000, 0x000000070ae00000| Complete 
| 175|0x000000070af00000, 0x000000070b000000, 0x000000070b000000|100%| E|CS|TAMS 0x000000070af00000, 0x000000070af00000| Complete 
| 176|0x000000070b000000, 0x000000070b100000, 0x000000070b100000|100%| E|CS|TAMS 0x000000070b000000, 0x000000070b000000| Complete 
| 177|0x000000070b100000, 0x000000070b200000, 0x000000070b200000|100%| E|CS|TAMS 0x000000070b100000, 0x000000070b100000| Complete 
| 178|0x000000070b200000, 0x000000070b300000, 0x000000070b300000|100%| E|CS|TAMS 0x000000070b200000, 0x000000070b200000| Complete 
| 179|0x000000070b300000, 0x000000070b400000, 0x000000070b400000|100%| E|CS|TAMS 0x000000070b300000, 0x000000070b300000| Complete 
| 180|0x000000070b400000, 0x000000070b500000, 0x000000070b500000|100%| E|CS|TAMS 0x000000070b400000, 0x000000070b400000| Complete 
| 181|0x000000070b500000, 0x000000070b600000, 0x000000070b600000|100%| E|CS|TAMS 0x000000070b500000, 0x000000070b500000| Complete 
| 182|0x000000070b600000, 0x000000070b700000, 0x000000070b700000|100%| E|CS|TAMS 0x000000070b600000, 0x000000070b600000| Complete 
| 183|0x000000070b700000, 0x000000070b800000, 0x000000070b800000|100%| E|CS|TAMS 0x000000070b700000, 0x000000070b700000| Complete 
| 184|0x000000070b800000, 0x000000070b900000, 0x000000070b900000|100%| E|CS|TAMS 0x000000070b800000, 0x000000070b800000| Complete 
| 185|0x000000070b900000, 0x000000070ba00000, 0x000000070ba00000|100%| E|CS|TAMS 0x000000070b900000, 0x000000070b900000| Complete 
| 186|0x000000070ba00000, 0x000000070bb00000, 0x000000070bb00000|100%| E|CS|TAMS 0x000000070ba00000, 0x000000070ba00000| Complete 
| 187|0x000000070bb00000, 0x000000070bc00000, 0x000000070bc00000|100%| E|CS|TAMS 0x000000070bb00000, 0x000000070bb00000| Complete 
| 188|0x000000070bc00000, 0x000000070bd00000, 0x000000070bd00000|100%| E|CS|TAMS 0x000000070bc00000, 0x000000070bc00000| Complete 
| 189|0x000000070bd00000, 0x000000070be00000, 0x000000070be00000|100%| E|CS|TAMS 0x000000070bd00000, 0x000000070bd00000| Complete 
| 190|0x000000070be00000, 0x000000070bf00000, 0x000000070bf00000|100%| E|CS|TAMS 0x000000070be00000, 0x000000070be00000| Complete 
| 191|0x000000070bf00000, 0x000000070c000000, 0x000000070c000000|100%| E|CS|TAMS 0x000000070bf00000, 0x000000070bf00000| Complete 
| 192|0x000000070c000000, 0x000000070c100000, 0x000000070c100000|100%| E|CS|TAMS 0x000000070c000000, 0x000000070c000000| Complete 
| 193|0x000000070c100000, 0x000000070c200000, 0x000000070c200000|100%| E|CS|TAMS 0x000000070c100000, 0x000000070c100000| Complete 
| 194|0x000000070c200000, 0x000000070c300000, 0x000000070c300000|100%| E|CS|TAMS 0x000000070c200000, 0x000000070c200000| Complete 
| 195|0x000000070c300000, 0x000000070c400000, 0x000000070c400000|100%| E|CS|TAMS 0x000000070c300000, 0x000000070c300000| Complete 
| 196|0x000000070c400000, 0x000000070c500000, 0x000000070c500000|100%| E|CS|TAMS 0x000000070c400000, 0x000000070c400000| Complete 
| 197|0x000000070c500000, 0x000000070c600000, 0x000000070c600000|100%| E|CS|TAMS 0x000000070c500000, 0x000000070c500000| Complete 
| 198|0x000000070c600000, 0x000000070c700000, 0x000000070c700000|100%| E|CS|TAMS 0x000000070c600000, 0x000000070c600000| Complete 
| 199|0x000000070c700000, 0x000000070c800000, 0x000000070c800000|100%| E|CS|TAMS 0x000000070c700000, 0x000000070c700000| Complete 
| 200|0x000000070c800000, 0x000000070c900000, 0x000000070c900000|100%| E|CS|TAMS 0x000000070c800000, 0x000000070c800000| Complete 
| 201|0x000000070c900000, 0x000000070ca00000, 0x000000070ca00000|100%| E|CS|TAMS 0x000000070c900000, 0x000000070c900000| Complete 
| 202|0x000000070ca00000, 0x000000070cb00000, 0x000000070cb00000|100%| E|CS|TAMS 0x000000070ca00000, 0x000000070ca00000| Complete 
| 203|0x000000070cb00000, 0x000000070cc00000, 0x000000070cc00000|100%| E|CS|TAMS 0x000000070cb00000, 0x000000070cb00000| Complete 
| 204|0x000000070cc00000, 0x000000070cd00000, 0x000000070cd00000|100%| E|CS|TAMS 0x000000070cc00000, 0x000000070cc00000| Complete 
| 205|0x000000070cd00000, 0x000000070ce00000, 0x000000070ce00000|100%| E|CS|TAMS 0x000000070cd00000, 0x000000070cd00000| Complete 
| 206|0x000000070ce00000, 0x000000070cf00000, 0x000000070cf00000|100%| E|CS|TAMS 0x000000070ce00000, 0x000000070ce00000| Complete 
| 207|0x000000070cf00000, 0x000000070d000000, 0x000000070d000000|100%| E|CS|TAMS 0x000000070cf00000, 0x000000070cf00000| Complete 
| 208|0x000000070d000000, 0x000000070d100000, 0x000000070d100000|100%| E|CS|TAMS 0x000000070d000000, 0x000000070d000000| Complete 
| 209|0x000000070d100000, 0x000000070d200000, 0x000000070d200000|100%| E|CS|TAMS 0x000000070d100000, 0x000000070d100000| Complete 
| 210|0x000000070d200000, 0x000000070d300000, 0x000000070d300000|100%| E|CS|TAMS 0x000000070d200000, 0x000000070d200000| Complete 
| 211|0x000000070d300000, 0x000000070d400000, 0x000000070d400000|100%| E|CS|TAMS 0x000000070d300000, 0x000000070d300000| Complete 
| 212|0x000000070d400000, 0x000000070d500000, 0x000000070d500000|100%| E|CS|TAMS 0x000000070d400000, 0x000000070d400000| Complete 
| 213|0x000000070d500000, 0x000000070d600000, 0x000000070d600000|100%| E|CS|TAMS 0x000000070d500000, 0x000000070d500000| Complete 
| 214|0x000000070d600000, 0x000000070d700000, 0x000000070d700000|100%| E|CS|TAMS 0x000000070d600000, 0x000000070d600000| Complete 
| 215|0x000000070d700000, 0x000000070d800000, 0x000000070d800000|100%| E|CS|TAMS 0x000000070d700000, 0x000000070d700000| Complete 
| 216|0x000000070d800000, 0x000000070d900000, 0x000000070d900000|100%| E|CS|TAMS 0x000000070d800000, 0x000000070d800000| Complete 
| 217|0x000000070d900000, 0x000000070da00000, 0x000000070da00000|100%| E|CS|TAMS 0x000000070d900000, 0x000000070d900000| Complete 
| 218|0x000000070da00000, 0x000000070db00000, 0x000000070db00000|100%| E|CS|TAMS 0x000000070da00000, 0x000000070da00000| Complete 
| 219|0x000000070db00000, 0x000000070dc00000, 0x000000070dc00000|100%| E|CS|TAMS 0x000000070db00000, 0x000000070db00000| Complete 
| 220|0x000000070dc00000, 0x000000070dd00000, 0x000000070dd00000|100%| E|CS|TAMS 0x000000070dc00000, 0x000000070dc00000| Complete 
| 221|0x000000070dd00000, 0x000000070de00000, 0x000000070de00000|100%| E|CS|TAMS 0x000000070dd00000, 0x000000070dd00000| Complete 
| 222|0x000000070de00000, 0x000000070df00000, 0x000000070df00000|100%| E|CS|TAMS 0x000000070de00000, 0x000000070de00000| Complete 
| 223|0x000000070df00000, 0x000000070e000000, 0x000000070e000000|100%| E|CS|TAMS 0x000000070df00000, 0x000000070df00000| Complete 
| 224|0x000000070e000000, 0x000000070e100000, 0x000000070e100000|100%| E|CS|TAMS 0x000000070e000000, 0x000000070e000000| Complete 
| 225|0x000000070e100000, 0x000000070e200000, 0x000000070e200000|100%| E|CS|TAMS 0x000000070e100000, 0x000000070e100000| Complete 
| 226|0x000000070e200000, 0x000000070e300000, 0x000000070e300000|100%| E|CS|TAMS 0x000000070e200000, 0x000000070e200000| Complete 
| 227|0x000000070e300000, 0x000000070e400000, 0x000000070e400000|100%| E|CS|TAMS 0x000000070e300000, 0x000000070e300000| Complete 
| 228|0x000000070e400000, 0x000000070e500000, 0x000000070e500000|100%| E|CS|TAMS 0x000000070e400000, 0x000000070e400000| Complete 
| 229|0x000000070e500000, 0x000000070e600000, 0x000000070e600000|100%| E|CS|TAMS 0x000000070e500000, 0x000000070e500000| Complete 
| 230|0x000000070e600000, 0x000000070e700000, 0x000000070e700000|100%| E|CS|TAMS 0x000000070e600000, 0x000000070e600000| Complete 
| 231|0x000000070e700000, 0x000000070e800000, 0x000000070e800000|100%| E|CS|TAMS 0x000000070e700000, 0x000000070e700000| Complete 
| 232|0x000000070e800000, 0x000000070e900000, 0x000000070e900000|100%| E|CS|TAMS 0x000000070e800000, 0x000000070e800000| Complete 
| 233|0x000000070e900000, 0x000000070ea00000, 0x000000070ea00000|100%| E|CS|TAMS 0x000000070e900000, 0x000000070e900000| Complete 
| 234|0x000000070ea00000, 0x000000070eb00000, 0x000000070eb00000|100%| E|CS|TAMS 0x000000070ea00000, 0x000000070ea00000| Complete 
| 235|0x000000070eb00000, 0x000000070ec00000, 0x000000070ec00000|100%| E|CS|TAMS 0x000000070eb00000, 0x000000070eb00000| Complete 
| 236|0x000000070ec00000, 0x000000070ed00000, 0x000000070ed00000|100%| E|CS|TAMS 0x000000070ec00000, 0x000000070ec00000| Complete 
| 237|0x000000070ed00000, 0x000000070ee00000, 0x000000070ee00000|100%| E|CS|TAMS 0x000000070ed00000, 0x000000070ed00000| Complete 
| 238|0x000000070ee00000, 0x000000070ef00000, 0x000000070ef00000|100%| E|CS|TAMS 0x000000070ee00000, 0x000000070ee00000| Complete 
| 239|0x000000070ef00000, 0x000000070f000000, 0x000000070f000000|100%| E|CS|TAMS 0x000000070ef00000, 0x000000070ef00000| Complete 
| 240|0x000000070f000000, 0x000000070f100000, 0x000000070f100000|100%| E|CS|TAMS 0x000000070f000000, 0x000000070f000000| Complete 
| 241|0x000000070f100000, 0x000000070f200000, 0x000000070f200000|100%| E|CS|TAMS 0x000000070f100000, 0x000000070f100000| Complete 
| 242|0x000000070f200000, 0x000000070f300000, 0x000000070f300000|100%| E|CS|TAMS 0x000000070f200000, 0x000000070f200000| Complete 
| 243|0x000000070f300000, 0x000000070f400000, 0x000000070f400000|100%| E|CS|TAMS 0x000000070f300000, 0x000000070f300000| Complete 
| 244|0x000000070f400000, 0x000000070f500000, 0x000000070f500000|100%| E|CS|TAMS 0x000000070f400000, 0x000000070f400000| Complete 
| 245|0x000000070f500000, 0x000000070f600000, 0x000000070f600000|100%| E|CS|TAMS 0x000000070f500000, 0x000000070f500000| Complete 
| 246|0x000000070f600000, 0x000000070f700000, 0x000000070f700000|100%| E|CS|TAMS 0x000000070f600000, 0x000000070f600000| Complete 
| 247|0x000000070f700000, 0x000000070f800000, 0x000000070f800000|100%| E|CS|TAMS 0x000000070f700000, 0x000000070f700000| Complete 
| 248|0x000000070f800000, 0x000000070f900000, 0x000000070f900000|100%| E|CS|TAMS 0x000000070f800000, 0x000000070f800000| Complete 
| 249|0x000000070f900000, 0x000000070fa00000, 0x000000070fa00000|100%| E|CS|TAMS 0x000000070f900000, 0x000000070f900000| Complete 
| 250|0x000000070fa00000, 0x000000070fb00000, 0x000000070fb00000|100%| E|CS|TAMS 0x000000070fa00000, 0x000000070fa00000| Complete 
| 251|0x000000070fb00000, 0x000000070fc00000, 0x000000070fc00000|100%| E|CS|TAMS 0x000000070fb00000, 0x000000070fb00000| Complete 
| 252|0x000000070fc00000, 0x000000070fd00000, 0x000000070fd00000|100%| E|CS|TAMS 0x000000070fc00000, 0x000000070fc00000| Complete 
| 253|0x000000070fd00000, 0x000000070fe00000, 0x000000070fe00000|100%| E|CS|TAMS 0x000000070fd00000, 0x000000070fd00000| Complete 
| 254|0x000000070fe00000, 0x000000070ff00000, 0x000000070ff00000|100%| E|CS|TAMS 0x000000070fe00000, 0x000000070fe00000| Complete 
| 255|0x000000070ff00000, 0x0000000710000000, 0x0000000710000000|100%| E|CS|TAMS 0x000000070ff00000, 0x000000070ff00000| Complete 
|3070|0x00000007bfe00000, 0x00000007bfe48000, 0x00000007bff00000| 28%|OA|  |TAMS 0x00000007bfe00000, 0x00000007bfe00000| Untracked 
|3071|0x00000007bff00000, 0x00000007bff70000, 0x00000007c0000000| 43%|CA|  |TAMS 0x00000007bff00000, 0x00000007bff00000| Untracked 

Card table byte_map: [0x00000001275ba000,0x0000000127dba000] _byte_map_base: 0x0000000123dba000

Marking Bits (Prev, Next): (CMBitMap*) 0x00007f861d814c18, (CMBitMap*) 0x00007f861d814c58
 Prev Bits: [0x00000001285ba000, 0x000000012c5ba000)
 Next Bits: [0x000000012c5ba000, 0x00000001305ba000)

Polling page: 0x0000000104e7c000

Metaspace:

Usage:
  Non-class:      5.30 MB capacity,     4.25 MB ( 80%) used,     1.02 MB ( 19%) free+waste,    22.75 KB ( <1%) overhead. 
      Class:    709.00 KB capacity,   478.13 KB ( 67%) used,   218.62 KB ( 31%) free+waste,    12.25 KB (  2%) overhead. 
       Both:      5.99 MB capacity,     4.72 MB ( 79%) used,     1.24 MB ( 21%) free+waste,    35.00 KB ( <1%) overhead. 

Virtual space:
  Non-class space:        8.00 MB reserved,       5.50 MB ( 69%) committed 
      Class space:        1.00 GB reserved,     768.00 KB ( <1%) committed 
             Both:        1.01 GB reserved,       6.25 MB ( <1%) committed 

Chunk freelists:
   Non-Class:  0 bytes
       Class:  0 bytes
        Both:  0 bytes

CodeHeap 'non-profiled nmethods': size=120032Kb used=891Kb max_used=891Kb free=119140Kb
 bounds [0x0000000120082000, 0x00000001202f2000, 0x00000001275ba000]
CodeHeap 'profiled nmethods': size=120028Kb used=3325Kb max_used=3325Kb free=116702Kb
 bounds [0x0000000118b4b000, 0x0000000118e8b000, 0x0000000120082000]
CodeHeap 'non-nmethods': size=5700Kb used=1113Kb max_used=1155Kb free=4586Kb
 bounds [0x00000001185ba000, 0x000000011882a000, 0x0000000118b4b000]
 total_blobs=2303 nmethods=1475 adapters=351
 compilation: enabled
              stopped_count=0, restarted_count=0
 full_count=0

Compilation events (10 events):
Event: 2.849 Thread 0x00007f861d816000 1548       2       sun.invoke.util.Wrapper::isNumeric (16 bytes)
Event: 2.849 Thread 0x00007f861d816000 nmethod 1548 0x0000000118e86990 code [0x0000000118e86b40, 0x0000000118e86cd0]
Event: 2.849 Thread 0x00007f861d816000 1550       2       java.lang.invoke.MethodTypeForm::<init> (687 bytes)
Event: 2.853 Thread 0x00007f861d816000 nmethod 1550 0x0000000118e86d90 code [0x0000000118e87040, 0x0000000118e88508]
Event: 2.853 Thread 0x00007f861d816000 1551       2       jdk.internal.org.objectweb.asm.MethodWriter::endCurrentBasicBlockWithNoSuccessor (94 bytes)
Event: 2.853 Thread 0x00007f861d816000 nmethod 1551 0x0000000118e88e10 code [0x0000000118e88fe0, 0x0000000118e894e8]
Event: 2.853 Thread 0x00007f861d816000 1552       2       jdk.internal.org.objectweb.asm.MethodWriter::visitLabel (328 bytes)
Event: 2.854 Thread 0x00007f861d816000 nmethod 1552 0x0000000118e89690 code [0x0000000118e898e0, 0x0000000118e8a4c8]
Event: 2.894 Thread 0x00007f861d815800 nmethod 1402 0x0000000120150310 code [0x0000000120150c80, 0x000000012015a108]
Event: 2.894 Thread 0x00007f861d815800 1486       4       jdk.internal.math.FloatingDecimal$BinaryToASCIIBuffer::dtoa (1509 bytes)

GC Heap History (4 events):
Event: 1.291 GC heap before
{Heap before GC invocations=0 (full 0):
 garbage-first heap   total 264192K, used 24288K [0x0000000700000000, 0x0000000800000000)
  region size 1024K, 24 young (24576K), 0 survivors (0K)
 Metaspace       used 3241K, capacity 5754K, committed 6016K, reserved 1056768K
  class space    used 297K, capacity 599K, committed 640K, reserved 1048576K
}
Event: 1.310 GC heap after
{Heap after GC invocations=1 (full 0):
 garbage-first heap   total 264192K, used 5994K [0x0000000700000000, 0x0000000800000000)
  region size 1024K, 3 young (3072K), 3 survivors (3072K)
 Metaspace       used 3241K, capacity 5754K, committed 6016K, reserved 1056768K
  class space    used 297K, capacity 599K, committed 640K, reserved 1048576K
}
Event: 2.258 GC heap before
{Heap before GC invocations=1 (full 0):
 garbage-first heap   total 264192K, used 159594K [0x0000000700000000, 0x0000000800000000)
  region size 1024K, 153 young (156672K), 3 survivors (3072K)
 Metaspace       used 3463K, capacity 5895K, committed 6016K, reserved 1056768K
  class space    used 316K, capacity 626K, committed 640K, reserved 1048576K
}
Event: 2.274 GC heap after
{Heap after GC invocations=2 (full 0):
 garbage-first heap   total 264192K, used 6159K [0x0000000700000000, 0x0000000800000000)
  region size 1024K, 4 young (4096K), 4 survivors (4096K)
 Metaspace       used 3463K, capacity 5895K, committed 6016K, reserved 1056768K
  class space    used 316K, capacity 626K, committed 640K, reserved 1048576K
}

Deoptimization events (10 events):
Event: 1.997 Thread 0x00007f861f00e000 Uncommon trap: reason=profile_predicate action=maybe_recompile pc=0x0000000120119ad4 method=jdk.internal.math.FDBigInteger.cmp(Ljdk/internal/math/FDBigInteger;)I @ 48 c2
Event: 1.997 Thread 0x00007f861f00e000 Uncommon trap: reason=profile_predicate action=maybe_recompile pc=0x0000000120119ad4 method=jdk.internal.math.FDBigInteger.cmp(Ljdk/internal/math/FDBigInteger;)I @ 48 c2
Event: 2.013 Thread 0x00007f861f00e000 Uncommon trap: reason=profile_predicate action=maybe_recompile pc=0x0000000120110f00 method=jdk.internal.math.FDBigInteger.cmp(Ljdk/internal/math/FDBigInteger;)I @ 48 c2
Event: 2.289 Thread 0x00007f861f00e000 Uncommon trap: reason=profile_predicate action=maybe_recompile pc=0x000000012012f868 method=java.math.BigInteger.longValue()J @ 5 c2
Event: 2.289 Thread 0x00007f861f00e000 Uncommon trap: reason=profile_predicate action=maybe_recompile pc=0x000000012012f868 method=java.math.BigInteger.longValue()J @ 5 c2
Event: 2.290 Thread 0x00007f861f00e000 Uncommon trap: reason=profile_predicate action=maybe_recompile pc=0x000000012012f868 method=java.math.BigInteger.longValue()J @ 5 c2
Event: 2.290 Thread 0x00007f861f00e000 Uncommon trap: reason=profile_predicate action=maybe_recompile pc=0x000000012012f868 method=java.math.BigInteger.longValue()J @ 5 c2
Event: 2.411 Thread 0x00007f861f00e000 Uncommon trap: reason=unstable_if action=reinterpret pc=0x0000000120137058 method=jdk.internal.math.FloatingDecimal$BinaryToASCIIBuffer.dtoa(IJIZ)V @ 824 c2
Event: 2.412 Thread 0x00007f861f00e000 Uncommon trap: reason=unstable_if action=reinterpret pc=0x00000001200e75d8 method=jdk.internal.math.FDBigInteger.leftShift(I)Ljdk/internal/math/FDBigInteger; @ 196 c2
Event: 2.667 Thread 0x00007f861f00e000 Uncommon trap: reason=unstable_if action=reinterpret pc=0x00000001201218e0 method=jdk.internal.math.FloatingDecimal$ASCIIToBinaryBuffer.doubleValue()D @ 116 c2

Classes redefined (0 events):
No events

Internal exceptions (10 events):
Event: 1.674 Thread 0x00007f861f00e000 Exception <a 'java/lang/NoSuchMethodError'{0x000000070ed5a720}: java.lang.invoke.DirectMethodHandle$Holder.invokeSpecial(Ljava/lang/Object;Ljava/lang/Object;JLjava/lang/Object;Ljava/lang/Object;Ljava/lang/Object;Ljava/lang/Object;Ljava/lang/Object;)Ljava/
Event: 1.674 Thread 0x00007f861f00e000 Exception <a 'java/lang/NoSuchMethodError'{0x000000070ed5db00}: java.lang.invoke.DelegatingMethodHandle$Holder.reinvoke_L(Ljava/lang/Object;JLjava/lang/Object;Ljava/lang/Object;Ljava/lang/Object;Ljava/lang/Object;Ljava/lang/Object;)Ljava/lang/Object;> (0x
Event: 1.675 Thread 0x00007f861f00e000 Exception <a 'java/lang/NoSuchMethodError'{0x000000070ed761f8}: java.lang.invoke.Invokers$Holder.linkToTargetMethod(Ljava/lang/Object;Ljava/lang/Object;Ljava/lang/Object;Ljava/lang/Object;Ljava/lang/Object;Ljava/lang/Object;)Ljava/lang/Object;> (0x0000000
Event: 2.406 Thread 0x00007f861f00e000 Exception <a 'java/lang/NoSuchMethodError'{0x000000070d2a4450}: java.lang.invoke.DirectMethodHandle$Holder.invokeStatic(Ljava/lang/Object;Ljava/lang/Object;Ljava/lang/Object;Ljava/lang/Object;Ljava/lang/Object;Ljava/lang/Object;Ljava/lang/Object;Ljava/lan
Event: 2.771 Thread 0x00007f861f00e000 Exception <a 'java/lang/ClassNotFoundException'{0x0000000707acd4e0}: sun/awt/resources/spi/awtProvider> (0x0000000707acd4e0) thrown at [/scratch/mesos/slaves/ae206c0d-865c-4d69-a16b-c4e90bf2719f-S399/frameworks/1735e8a2-a1db-478c-8104-60c8b0af87dd-0196/ex
Event: 2.793 Thread 0x00007f861f00e000 Exception <a 'java/io/FileNotFoundException'{0x0000000707af2770}> (0x0000000707af2770) thrown at [/scratch/mesos/slaves/ae206c0d-865c-4d69-a16b-c4e90bf2719f-S399/frameworks/1735e8a2-a1db-478c-8104-60c8b0af87dd-0196/executors/d4337cad-8111-46d8-8d39-fb2ce6
Event: 2.808 Thread 0x00007f861f00e000 Exception <a 'java/lang/NoSuchMethodError'{0x000000070792c240}: java.lang.invoke.DirectMethodHandle$Holder.invokeStatic(Ljava/lang/Object;Ljava/lang/Object;Ljava/lang/Object;Ljava/lang/Object;Ljava/lang/Object;Ljava/lang/Object;Ljava/lang/Object;Ljava/lan
Event: 2.815 Thread 0x00007f861f00e000 Exception <a 'java/io/FileNotFoundException'{0x0000000707956778}> (0x0000000707956778) thrown at [/scratch/mesos/slaves/ae206c0d-865c-4d69-a16b-c4e90bf2719f-S399/frameworks/1735e8a2-a1db-478c-8104-60c8b0af87dd-0196/executors/d4337cad-8111-46d8-8d39-fb2ce6
Event: 2.835 Thread 0x00007f861f00e000 Exception <a 'java/lang/ClassNotFoundException'{0x0000000707986778}: sun/awt/resources/spi/awtosxProvider> (0x0000000707986778) thrown at [/scratch/mesos/slaves/ae206c0d-865c-4d69-a16b-c4e90bf2719f-S399/frameworks/1735e8a2-a1db-478c-8104-60c8b0af87dd-0196
Event: 2.851 Thread 0x00007f861f00e000 Exception <a 'java/lang/NoSuchMethodError'{0x00000007079a3d88}: java.lang.invoke.DirectMethodHandle$Holder.invokeStatic(Ljava/lang/Object;Ljava/lang/Object;Ljava/lang/Object;Ljava/lang/Object;Ljava/lang/Object;Ljava/lang/Object;Ljava/lang/Object;J)Ljava/l

Events (10 events):
Event: 2.846 loading class java/beans/PropertyChangeListener done
Event: 2.846 loading class sun/awt/SunToolkit$ModalityListenerList
Event: 2.846 loading class sun/awt/ModalityListener
Event: 2.846 loading class sun/awt/ModalityListener done
Event: 2.846 loading class sun/awt/SunToolkit$ModalityListenerList done
Event: 2.848 loading class java/lang/invoke/BoundMethodHandle$Species_LLLLJ
Event: 2.848 loading class java/lang/invoke/BoundMethodHandle$Species_LLLLJ done
Event: 2.852 loading class sun/awt/util/ThreadGroupUtils
Event: 2.852 loading class sun/awt/util/ThreadGroupUtils done
Event: 2.856 Thread 0x00007f861f1c7000 Thread added: 0x00007f861f1c7000


Dynamic libraries:
0x000000010d42e000 	/Library/Java/JavaVirtualMachines/jdk-12.0.2.jdk/Contents/Home/lib/libjli.dylib
0x00007ff81dc5d000 	/usr/lib/libz.1.dylib
0x00007ff81dd47000 	/usr/lib/libSystem.B.dylib
0x00007ff81dd42000 	/usr/lib/system/libcache.dylib
0x00007ff81dcfd000 	/usr/lib/system/libcommonCrypto.dylib
0x00007ff81dd26000 	/usr/lib/system/libcompiler_rt.dylib
0x00007ff81dd1c000 	/usr/lib/system/libcopyfile.dylib
0x00007ff8119fb000 	/usr/lib/system/libcorecrypto.dylib
0x00007ff811abd000 	/usr/lib/system/libdispatch.dylib
0x00007ff811c45000 	/usr/lib/system/libdyld.dylib
0x00007ff81dd38000 	/usr/lib/system/libkeymgr.dylib
0x00007ff81dcdc000 	/usr/lib/system/libmacho.dylib
0x00007ff81d2ca000 	/usr/lib/system/libquarantine.dylib
0x00007ff81dd36000 	/usr/lib/system/libremovefile.dylib
0x00007ff81680b000 	/usr/lib/system/libsystem_asl.dylib
0x00007ff81199d000 	/usr/lib/system/libsystem_blocks.dylib
0x00007ff811b07000 	/usr/lib/system/libsystem_c.dylib
0x00007ff81dd2e000 	/usr/lib/system/libsystem_collections.dylib
0x00007ff81c5cc000 	/usr/lib/system/libsystem_configuration.dylib
0x00007ff81b657000 	/usr/lib/system/libsystem_containermanager.dylib
0x00007ff81d9a7000 	/usr/lib/system/libsystem_coreservices.dylib
0x00007ff814897000 	/usr/lib/system/libsystem_darwin.dylib
0x00007ff81dd39000 	/usr/lib/system/libsystem_dnssd.dylib
0x00007ff811b04000 	/usr/lib/system/libsystem_featureflags.dylib
0x00007ff811c70000 	/usr/lib/system/libsystem_info.dylib
0x00007ff81dc70000 	/usr/lib/system/libsystem_m.dylib
0x00007ff811a90000 	/usr/lib/system/libsystem_malloc.dylib
0x00007ff81679a000 	/usr/lib/system/libsystem_networkextension.dylib
0x00007ff814cd8000 	/usr/lib/system/libsystem_notify.dylib
0x00007ff81c5d0000 	/usr/lib/system/libsystem_sandbox.dylib
0x00007ff81dd33000 	/usr/lib/system/libsystem_secinit.dylib
0x00007ff811bff000 	/usr/lib/system/libsystem_kernel.dylib
0x00007ff811c66000 	/usr/lib/system/libsystem_platform.dylib
0x00007ff811c39000 	/usr/lib/system/libsystem_pthread.dylib
0x00007ff818254000 	/usr/lib/system/libsystem_symptoms.dylib
0x00007ff8119e1000 	/usr/lib/system/libsystem_trace.dylib
0x00007ff81dd09000 	/usr/lib/system/libunwind.dylib
0x00007ff8119a1000 	/usr/lib/system/libxpc.dylib
0x00007ff811be9000 	/usr/lib/libc++abi.dylib
0x00007ff8118cc000 	/usr/lib/libobjc.A.dylib
0x00007ff81dd14000 	/usr/lib/liboah.dylib
0x00007ff811b90000 	/usr/lib/libc++.1.dylib
0x00007ff82a146000 	/System/Library/Frameworks/Cocoa.framework/Versions/A/Cocoa
0x00007ff814d37000 	/System/Library/Frameworks/AppKit.framework/Versions/C/AppKit
0x00007ff8179e5000 	/System/Library/Frameworks/CoreData.framework/Versions/A/CoreData
0x00007ff812a4c000 	/System/Library/Frameworks/Foundation.framework/Versions/C/Foundation
0x00007ff815d3c000 	/System/Library/PrivateFrameworks/UIFoundation.framework/Versions/A/UIFoundation
0x00007ffa30c89000 	/System/Library/PrivateFrameworks/CollectionViewCore.framework/Versions/A/CollectionViewCore
0x00007ff82415a000 	/System/Library/PrivateFrameworks/RemoteViewServices.framework/Versions/A/RemoteViewServices
0x00007ff81be1c000 	/System/Library/PrivateFrameworks/XCTTargetBootstrap.framework/Versions/A/XCTTargetBootstrap
0x00007ff81fc74000 	/System/Library/PrivateFrameworks/InternationalSupport.framework/Versions/A/InternationalSupport
0x00007ff81fcfd000 	/System/Library/PrivateFrameworks/UserActivity.framework/Versions/A/UserActivity
0x00007ffb26a7e000 	/System/Library/PrivateFrameworks/WindowManagement.framework/Versions/A/WindowManagement
0x00007ff812738000 	/System/Library/Frameworks/SystemConfiguration.framework/Versions/A/SystemConfiguration
0x00007ff81f072000 	/usr/lib/libspindump.dylib
0x00007ff815f09000 	/System/Library/Frameworks/UniformTypeIdentifiers.framework/Versions/A/UniformTypeIdentifiers
0x00007ff81a313000 	/usr/lib/libapp_launch_measurement.dylib
0x00007ff818f8b000 	/System/Library/PrivateFrameworks/CoreAnalytics.framework/Versions/A/CoreAnalytics
0x00007ff81a316000 	/System/Library/PrivateFrameworks/CoreAutoLayout.framework/Versions/A/CoreAutoLayout
0x00007ff81b6a3000 	/System/Library/Frameworks/Metal.framework/Versions/A/Metal
0x00007ff81c5db000 	/usr/lib/liblangid.dylib
0x00007ff81be21000 	/System/Library/PrivateFrameworks/CoreSVG.framework/Versions/A/CoreSVG
0x00007ff81683d000 	/System/Library/PrivateFrameworks/SkyLight.framework/Versions/A/SkyLight
0x00007ff816c26000 	/System/Library/Frameworks/CoreGraphics.framework/Versions/A/CoreGraphics
0x00007ff824834000 	/System/Library/Frameworks/Accelerate.framework/Versions/A/Accelerate
0x00007ff81eae7000 	/System/Library/PrivateFrameworks/IconServices.framework/Versions/A/IconServices
0x00007ff81b686000 	/System/Library/Frameworks/IOSurface.framework/Versions/A/IOSurface
0x00007ff818fb4000 	/usr/lib/libDiagnosticMessagesClient.dylib
0x00007ff827d73000 	/System/Library/Frameworks/ApplicationServices.framework/Versions/A/ApplicationServices
0x00007ff81be08000 	/System/Library/PrivateFrameworks/DFRFoundation.framework/Versions/A/DFRFoundation
0x00007ff814603000 	/usr/lib/libicucore.A.dylib
0x00007ff820b14000 	/System/Library/Frameworks/AudioToolbox.framework/Versions/A/AudioToolbox
0x00007ff81fc7f000 	/System/Library/PrivateFrameworks/DataDetectorsCore.framework/Versions/A/DataDetectorsCore
0x00007ff919472000 	/System/Library/PrivateFrameworks/TextInput.framework/Versions/A/TextInput
0x00007ff8167b2000 	/usr/lib/libMobileGestalt.dylib
0x00007ff81bb10000 	/System/Library/Frameworks/Carbon.framework/Versions/A/Frameworks/HIToolbox.framework/Versions/A/HIToolbox
0x00007ff819cb7000 	/System/Library/Frameworks/QuartzCore.framework/Versions/A/QuartzCore
0x00007ff814283000 	/System/Library/Frameworks/Security.framework/Versions/A/Security
0x00007ff824192000 	/System/Library/Frameworks/Carbon.framework/Versions/A/Frameworks/SpeechRecognition.framework/Versions/A/SpeechRecognition
0x00007ff81a053000 	/System/Library/PrivateFrameworks/CoreUI.framework/Versions/A/CoreUI
0x00007ff813b88000 	/System/Library/Frameworks/CoreAudio.framework/Versions/A/CoreAudio
0x00007ff81908e000 	/System/Library/Frameworks/DiskArbitration.framework/Versions/A/DiskArbitration
0x00007ff81f48f000 	/System/Library/PrivateFrameworks/MultitouchSupport.framework/Versions/A/MultitouchSupport
0x00007ff8167b1000 	/usr/lib/libenergytrace.dylib
0x00007ff814c19000 	/System/Library/Frameworks/IOKit.framework/Versions/A/IOKit
0x00007ff82458b000 	/System/Library/Frameworks/CoreServices.framework/Versions/A/CoreServices
0x00007ff81a2ab000 	/System/Library/PrivateFrameworks/PerformanceAnalysis.framework/Versions/A/PerformanceAnalysis
0x00007ffa26c7f000 	/System/Library/Frameworks/OpenGL.framework/Versions/A/OpenGL
0x00007ff81a35e000 	/usr/lib/libxml2.2.dylib
0x00007ff81d1de000 	/System/Library/PrivateFrameworks/MobileKeyBag.framework/Versions/A/MobileKeyBag
0x00007ff817447000 	/System/Library/Frameworks/ColorSync.framework/Versions/A/ColorSync
0x00007ff811c9b000 	/System/Library/Frameworks/CoreFoundation.framework/Versions/A/CoreFoundation
0x00007ff81c1bd000 	/System/Library/Frameworks/CoreImage.framework/Versions/A/CoreImage
0x00007ff813999000 	/System/Library/Frameworks/CoreText.framework/Versions/A/CoreText
0x00007ff81be5c000 	/System/Library/Frameworks/ImageIO.framework/Versions/A/ImageIO
0x00007ff81dd4d000 	/System/Library/PrivateFrameworks/SoftLinking.framework/Versions/A/SoftLinking
0x00007ff81dfcc000 	/usr/lib/libcompression.dylib
0x00007ff81fba6000 	/System/Library/PrivateFrameworks/TextureIO.framework/Versions/A/TextureIO
0x00007ff81e716000 	/usr/lib/libate.dylib
0x00007ff81e4a7000 	/usr/lib/liblzma.5.dylib
0x00007ff81dd49000 	/usr/lib/libfakelink.dylib
0x00007ff8163f5000 	/System/Library/Frameworks/CFNetwork.framework/Versions/A/CFNetwork
0x00007ff81de86000 	/usr/lib/libarchive.2.dylib
0x00007ff822443000 	/System/Library/Frameworks/Combine.framework/Versions/A/Combine
0x00007ff82058c000 	/usr/lib/swift/libswiftCore.dylib
0x00007ff9164ec000 	/usr/lib/swift/libswiftCoreFoundation.dylib
0x00007ff9144ee000 	/usr/lib/swift/libswiftDarwin.dylib
0x00007ff825dae000 	/usr/lib/swift/libswiftDispatch.dylib
0x00007ff916508000 	/usr/lib/swift/libswiftIOKit.dylib
0x00007ff82819c000 	/usr/lib/swift/libswiftObjectiveC.dylib
0x00007ff9164fd000 	/usr/lib/swift/libswiftXPC.dylib
0x00007ffb2d2fa000 	/usr/lib/swift/libswift_Concurrency.dylib
0x00007ffb2d439000 	/usr/lib/swift/libswift_StringProcessing.dylib
0x00007ff8281a0000 	/usr/lib/swift/libswiftos.dylib
0x00007ff814b9e000 	/System/Library/PrivateFrameworks/CoreServicesInternal.framework/Versions/A/CoreServicesInternal
0x00007ff81d2f1000 	/usr/lib/libbsm.0.dylib
0x00007ff81dce1000 	/usr/lib/system/libkxld.dylib
0x00007ff81a2df000 	/System/Library/Frameworks/CoreServices.framework/Versions/A/Frameworks/FSEvents.framework/Versions/A/FSEvents
0x00007ff8148a2000 	/System/Library/Frameworks/CoreServices.framework/Versions/A/Frameworks/CarbonCore.framework/Versions/A/CarbonCore
0x00007ff818ff7000 	/System/Library/Frameworks/CoreServices.framework/Versions/A/Frameworks/Metadata.framework/Versions/A/Metadata
0x00007ff81d9ad000 	/System/Library/Frameworks/CoreServices.framework/Versions/A/Frameworks/OSServices.framework/Versions/A/OSServices
0x00007ff81df0e000 	/System/Library/Frameworks/CoreServices.framework/Versions/A/Frameworks/SearchKit.framework/Versions/A/SearchKit
0x00007ff8181db000 	/System/Library/Frameworks/CoreServices.framework/Versions/A/Frameworks/AE.framework/Versions/A/AE
0x00007ff812133000 	/System/Library/Frameworks/CoreServices.framework/Versions/A/Frameworks/LaunchServices.framework/Versions/A/LaunchServices
0x00007ff81e458000 	/System/Library/Frameworks/CoreServices.framework/Versions/A/Frameworks/DictionaryServices.framework/Versions/A/DictionaryServices
0x00007ff81a2ec000 	/System/Library/Frameworks/CoreServices.framework/Versions/A/Frameworks/SharedFileList.framework/Versions/A/SharedFileList
0x00007ff81df9a000 	/usr/lib/libapple_nghttp2.dylib
0x00007ff8163f1000 	/usr/lib/libnetwork.dylib
0x00007ff817e5b000 	/usr/lib/libsqlite3.dylib
0x00007ff81825c000 	/System/Library/Frameworks/Network.framework/Versions/A/Network
0x00007ffb2c326000 	/usr/lib/libCoreEntitlements.dylib
0x00007ffb1a07b000 	/System/Library/PrivateFrameworks/MessageSecurity.framework/Versions/A/MessageSecurity
0x00007ff817e42000 	/System/Library/PrivateFrameworks/ProtocolBuffer.framework/Versions/A/ProtocolBuffer
0x00007ff81d987000 	/System/Library/PrivateFrameworks/AppleFSCompression.framework/Versions/A/AppleFSCompression
0x00007ff81d2d9000 	/usr/lib/libcoretls.dylib
0x00007ff81e4c1000 	/usr/lib/libcoretls_cfhelpers.dylib
0x00007ff81dfc7000 	/usr/lib/libpam.2.dylib
0x00007ff81e52e000 	/usr/lib/libxar.1.dylib
0x00007ff81eac3000 	/usr/lib/libheimdal-asn1.dylib
0x00007ff81dd4e000 	/usr/lib/libpcap.A.dylib
0x00007ff81824b000 	/usr/lib/libdns_services.dylib
0x00007ff81c5d7000 	/System/Library/PrivateFrameworks/AppleSystemInfo.framework/Versions/A/AppleSystemInfo
0x00007ff81cfe8000 	/System/Library/PrivateFrameworks/IOMobileFramebuffer.framework/Versions/A/IOMobileFramebuffer
0x00007ff81d997000 	/usr/lib/libbz2.1.0.dylib
0x00007ff81d2cd000 	/usr/lib/libCheckFix.dylib
0x00007ff816822000 	/System/Library/PrivateFrameworks/TCC.framework/Versions/A/TCC
0x00007ff81c5dd000 	/System/Library/PrivateFrameworks/CoreNLP.framework/Versions/A/CoreNLP
0x00007ff818fb6000 	/System/Library/PrivateFrameworks/MetadataUtilities.framework/Versions/A/MetadataUtilities
0x00007ff81d301000 	/usr/lib/libmecab.dylib
0x00007ff8127b7000 	/usr/lib/libCRFSuite.dylib
0x00007ff81d35b000 	/usr/lib/libgermantok.dylib
0x00007ff81df75000 	/usr/lib/libThaiTokenizer.dylib
0x00007ff819096000 	/System/Library/Frameworks/Accelerate.framework/Versions/A/Frameworks/vImage.framework/Versions/A/vImage
0x00007ff82455e000 	/System/Library/Frameworks/Accelerate.framework/Versions/A/Frameworks/vecLib.framework/Versions/A/vecLib
0x00007ff81e570000 	/System/Library/Frameworks/Accelerate.framework/Versions/A/Frameworks/vecLib.framework/Versions/A/libvMisc.dylib
0x00007ff81cde3000 	/System/Library/Frameworks/Accelerate.framework/Versions/A/Frameworks/vecLib.framework/Versions/A/libvDSP.dylib
0x00007ff8124ed000 	/System/Library/Frameworks/Accelerate.framework/Versions/A/Frameworks/vecLib.framework/Versions/A/libBLAS.dylib
0x00007ff81e0ab000 	/System/Library/Frameworks/Accelerate.framework/Versions/A/Frameworks/vecLib.framework/Versions/A/libLAPACK.dylib
0x00007ff81d35e000 	/System/Library/Frameworks/Accelerate.framework/Versions/A/Frameworks/vecLib.framework/Versions/A/libLinearAlgebra.dylib
0x00007ff81dfb2000 	/System/Library/Frameworks/Accelerate.framework/Versions/A/Frameworks/vecLib.framework/Versions/A/libSparseBLAS.dylib
0x00007ff81e0a5000 	/System/Library/Frameworks/Accelerate.framework/Versions/A/Frameworks/vecLib.framework/Versions/A/libQuadrature.dylib
0x00007ff81c6ca000 	/System/Library/Frameworks/Accelerate.framework/Versions/A/Frameworks/vecLib.framework/Versions/A/libBNNS.dylib
0x00007ff8126c1000 	/System/Library/Frameworks/Accelerate.framework/Versions/A/Frameworks/vecLib.framework/Versions/A/libSparse.dylib
0x00007ffb193b8000 	/System/Library/PrivateFrameworks/MIL.framework/Versions/A/MIL
0x00007ff81dd83000 	/usr/lib/libiconv.2.dylib
0x00007ff81dcdb000 	/usr/lib/libcharset.1.dylib
0x00007ff81a2c3000 	/System/Library/Frameworks/OpenDirectory.framework/Versions/A/Frameworks/CFOpenDirectory.framework/Versions/A/CFOpenDirectory
0x00007ff81a2b7000 	/System/Library/Frameworks/OpenDirectory.framework/Versions/A/OpenDirectory
0x00007ff81e4c3000 	/System/Library/PrivateFrameworks/APFS.framework/Versions/A/APFS
0x00007ff81d211000 	/System/Library/Frameworks/SecurityFoundation.framework/Versions/A/SecurityFoundation
0x00007ff81e53c000 	/usr/lib/libutil.dylib
0x00007ffb185be000 	/System/Library/PrivateFrameworks/InstalledContentLibrary.framework/Versions/A/InstalledContentLibrary
0x00007ff814bdd000 	/System/Library/PrivateFrameworks/CoreServicesStore.framework/Versions/A/CoreServicesStore
0x00007ffa2f7f6000 	/System/Library/PrivateFrameworks/AppleMobileFileIntegrity.framework/Versions/A/AppleMobileFileIntegrity
0x00007ff9164cc000 	/usr/lib/libmis.dylib
0x00007ff924996000 	/System/Library/PrivateFrameworks/MobileSystemServices.framework/Versions/A/MobileSystemServices
0x00007ffa1e731000 	/System/Library/PrivateFrameworks/ConfigProfileHelper.framework/Versions/A/ConfigProfileHelper
0x00007ff81df77000 	/System/Library/PrivateFrameworks/AppleSauce.framework/Versions/A/AppleSauce
0x00007ff81345e000 	/System/Library/PrivateFrameworks/LanguageModeling.framework/Versions/A/LanguageModeling
0x00007ff81e540000 	/usr/lib/libxslt.1.dylib
0x00007ff81de75000 	/usr/lib/libcmph.dylib
0x00007ff81cfd6000 	/System/Library/PrivateFrameworks/CoreEmoji.framework/Versions/A/CoreEmoji
0x00007ff81c6c4000 	/System/Library/PrivateFrameworks/LinguisticData.framework/Versions/A/LinguisticData
0x00007ff812677000 	/System/Library/PrivateFrameworks/Lexicon.framework/Versions/A/Lexicon
0x00007ff81d29f000 	/System/Library/PrivateFrameworks/BackgroundTaskManagement.framework/Versions/A/BackgroundTaskManagement
0x00007ffb2c45c000 	/usr/lib/libTLE.dylib
0x00007ffb2d37e000 	/usr/lib/swift/libswift_RegexParser.dylib
0x00007ff81f359000 	/System/Library/PrivateFrameworks/AppleJPEG.framework/Versions/A/AppleJPEG
0x00007ff81eaa8000 	/usr/lib/libexpat.1.dylib
0x00007ff81fa03000 	/System/Library/Frameworks/ImageIO.framework/Versions/A/Resources/libPng.dylib
0x00007ff81fa30000 	/System/Library/Frameworks/ImageIO.framework/Versions/A/Resources/libTIFF.dylib
0x00007ff81fb20000 	/System/Library/Frameworks/ImageIO.framework/Versions/A/Resources/libGIF.dylib
0x00007ff81f3a4000 	/System/Library/Frameworks/ImageIO.framework/Versions/A/Resources/libJP2.dylib
0x00007ff81fac0000 	/System/Library/Frameworks/ImageIO.framework/Versions/A/Resources/libJPEG.dylib
0x00007ff81fab7000 	/System/Library/Frameworks/ImageIO.framework/Versions/A/Resources/libRadiance.dylib
0x00007ff81b9a6000 	/System/Library/PrivateFrameworks/FontServices.framework/libFontParser.dylib
0x00007ff818181000 	/System/Library/PrivateFrameworks/RunningBoardServices.framework/Versions/A/RunningBoardServices
0x00007ff82a77c000 	/System/Library/PrivateFrameworks/IOSurfaceAccelerator.framework/Versions/A/IOSurfaceAccelerator
0x00007ff81f48b000 	/System/Library/PrivateFrameworks/WatchdogClient.framework/Versions/A/WatchdogClient
0x00007ff8135c0000 	/System/Library/Frameworks/CoreDisplay.framework/Versions/A/CoreDisplay
0x00007ff81b896000 	/System/Library/Frameworks/CoreMedia.framework/Versions/A/CoreMedia
0x00007ff81b69a000 	/System/Library/PrivateFrameworks/IOAccelerator.framework/Versions/A/IOAccelerator
0x00007ff81a43d000 	/System/Library/Frameworks/CoreVideo.framework/Versions/A/CoreVideo
0x00007ff81dfc5000 	/System/Library/Frameworks/MetalPerformanceShaders.framework/Versions/A/MetalPerformanceShaders
0x00007ff81f4c8000 	/System/Library/Frameworks/VideoToolbox.framework/Versions/A/VideoToolbox
0x00007ff8180c6000 	/System/Library/PrivateFrameworks/BaseBoard.framework/Versions/A/BaseBoard
0x00007ff81fab0000 	/System/Library/PrivateFrameworks/GPUWrangler.framework/Versions/A/GPUWrangler
0x00007ff81fa94000 	/System/Library/PrivateFrameworks/IOPresentment.framework/Versions/A/IOPresentment
0x00007ff81faba000 	/System/Library/PrivateFrameworks/DSExternalDisplay.framework/Versions/A/DSExternalDisplay
0x00007ffb14cd7000 	/System/Library/PrivateFrameworks/GPUCompiler.framework/Versions/31001/Libraries/libllvm-flatbuffers.dylib
0x00007ffa26c73000 	/System/Library/Frameworks/OpenGL.framework/Versions/A/Libraries/libCoreFSCache.dylib
0x00007ffb14cd3000 	/System/Library/PrivateFrameworks/GPUCompiler.framework/Versions/31001/Libraries/libGPUCompilerUtils.dylib
0x00007ff81fb26000 	/System/Library/PrivateFrameworks/CMCaptureCore.framework/Versions/A/CMCaptureCore
0x00007ffa29e5f000 	/System/Library/Frameworks/ExtensionFoundation.framework/Versions/A/ExtensionFoundation
0x00007ff826527000 	/System/Library/PrivateFrameworks/CoreTime.framework/Versions/A/CoreTime
0x00007ff81f05c000 	/System/Library/PrivateFrameworks/AppServerSupport.framework/Versions/A/AppServerSupport
0x00007ff8213d9000 	/System/Library/PrivateFrameworks/perfdata.framework/Versions/A/perfdata
0x00007ff8136ec000 	/System/Library/PrivateFrameworks/AudioToolboxCore.framework/Versions/A/AudioToolboxCore
0x00007ff81b870000 	/System/Library/PrivateFrameworks/caulk.framework/Versions/A/caulk
0x00007ff820cab000 	/usr/lib/libAudioStatistics.dylib
0x00007ff915971000 	/System/Library/PrivateFrameworks/SystemPolicy.framework/Versions/A/SystemPolicy
0x00007ff820f44000 	/usr/lib/libSMC.dylib
0x00007ff829feb000 	/System/Library/Frameworks/CoreMIDI.framework/Versions/A/CoreMIDI
0x00007ff81f9d1000 	/usr/lib/libAudioToolboxUtility.dylib
0x00007ff82f4b2000 	/System/Library/PrivateFrameworks/OSAServicesClient.framework/Versions/A/OSAServicesClient
0x00007ff8213e6000 	/usr/lib/libperfcheck.dylib
0x00007ff81e98c000 	/System/Library/PrivateFrameworks/PlugInKit.framework/Versions/A/PlugInKit
0x00007ff81d204000 	/System/Library/PrivateFrameworks/AssertionServices.framework/Versions/A/AssertionServices
0x00007ffa26cce000 	/System/Library/Frameworks/OpenGL.framework/Versions/A/Libraries/libGLU.dylib
0x00007ffa26c92000 	/System/Library/Frameworks/OpenGL.framework/Versions/A/Libraries/libGFXShared.dylib
0x00007ffa26e9b000 	/System/Library/Frameworks/OpenGL.framework/Versions/A/Libraries/libGL.dylib
0x00007ffa26c9b000 	/System/Library/Frameworks/OpenGL.framework/Versions/A/Libraries/libGLImage.dylib
0x00007ffa26c8f000 	/System/Library/Frameworks/OpenGL.framework/Versions/A/Libraries/libCVMSPluginSupport.dylib
0x00007ffb2c43b000 	/usr/lib/libRosetta.dylib
0x00007ffa26c7a000 	/System/Library/Frameworks/OpenGL.framework/Versions/A/Libraries/libCoreVMClient.dylib
0x00007ff81c555000 	/System/Library/Frameworks/MetalPerformanceShaders.framework/Versions/A/Frameworks/MPSCore.framework/Versions/A/MPSCore
0x00007ff81d8f1000 	/System/Library/Frameworks/MetalPerformanceShaders.framework/Versions/A/Frameworks/MPSImage.framework/Versions/A/MPSImage
0x00007ff81d374000 	/System/Library/Frameworks/MetalPerformanceShaders.framework/Versions/A/Frameworks/MPSNeuralNetwork.framework/Versions/A/MPSNeuralNetwork
0x00007ff81d7e7000 	/System/Library/Frameworks/MetalPerformanceShaders.framework/Versions/A/Frameworks/MPSMatrix.framework/Versions/A/MPSMatrix
0x00007ff81d5a2000 	/System/Library/Frameworks/MetalPerformanceShaders.framework/Versions/A/Frameworks/MPSRayIntersector.framework/Versions/A/MPSRayIntersector
0x00007ff81d822000 	/System/Library/Frameworks/MetalPerformanceShaders.framework/Versions/A/Frameworks/MPSNDArray.framework/Versions/A/MPSNDArray
0x00007ffa2b1b0000 	/System/Library/Frameworks/MetalPerformanceShaders.framework/Versions/A/Frameworks/MPSFunctions.framework/Versions/A/MPSFunctions
0x00007ff8123ae000 	/System/Library/PrivateFrameworks/MetalTools.framework/Versions/A/MetalTools
0x00007ff81c5d6000 	/System/Library/PrivateFrameworks/AggregateDictionary.framework/Versions/A/AggregateDictionary
0x00007ff81e846000 	/usr/lib/libIOReport.dylib
0x00007ffa27962000 	/System/Library/Frameworks/OpenCL.framework/Versions/A/OpenCL
0x00007ff81ebee000 	/System/Library/PrivateFrameworks/GraphVisualizer.framework/Versions/A/GraphVisualizer
0x00007ffb14bd8000 	/System/Library/PrivateFrameworks/FontServices.framework/Versions/A/FontServices
0x00007ff81f017000 	/System/Library/PrivateFrameworks/OTSVG.framework/Versions/A/OTSVG
0x00007ff81a007000 	/System/Library/Frameworks/ApplicationServices.framework/Versions/A/Frameworks/ATS.framework/Versions/A/Resources/libFontRegistry.dylib
0x00007ff81f066000 	/System/Library/PrivateFrameworks/FontServices.framework/libhvf.dylib
0x00007ffb14bd9000 	/System/Library/PrivateFrameworks/FontServices.framework/libXTFontStaticRegistryData.dylib
0x00007ffb25a5a000 	/System/Library/PrivateFrameworks/VideoToolboxParavirtualizationSupport.framework/Versions/A/VideoToolboxParavirtualizationSupport
0x00007ff81ea58000 	/System/Library/PrivateFrameworks/AppleVA.framework/Versions/A/AppleVA
0x00007ff820ce7000 	/System/Library/Frameworks/ApplicationServices.framework/Versions/A/Frameworks/ATS.framework/Versions/A/ATS
0x00007ff817537000 	/System/Library/Frameworks/ApplicationServices.framework/Versions/A/Frameworks/HIServices.framework/Versions/A/HIServices
0x00007ff81fb32000 	/System/Library/Frameworks/ApplicationServices.framework/Versions/A/Frameworks/PrintCore.framework/Versions/A/PrintCore
0x00007ff821099000 	/System/Library/Frameworks/ApplicationServices.framework/Versions/A/Frameworks/QD.framework/Versions/A/QD
0x00007ff821091000 	/System/Library/Frameworks/ApplicationServices.framework/Versions/A/Frameworks/ColorSyncLegacy.framework/Versions/A/ColorSyncLegacy
0x00007ff820cbf000 	/System/Library/Frameworks/ApplicationServices.framework/Versions/A/Frameworks/SpeechSynthesis.framework/Versions/A/SpeechSynthesis
0x00007ff81faf0000 	/System/Library/Frameworks/ApplicationServices.framework/Versions/A/Frameworks/ATSUI.framework/Versions/A/ATSUI
0x00007ff821024000 	/usr/lib/libcups.2.dylib
0x00007ff8213f5000 	/System/Library/Frameworks/Kerberos.framework/Versions/A/Kerberos
0x00007ff821404000 	/System/Library/Frameworks/GSS.framework/Versions/A/GSS
0x00007ff820d55000 	/usr/lib/libresolv.9.dylib
0x00007ff81f077000 	/System/Library/PrivateFrameworks/Heimdal.framework/Versions/A/Heimdal
0x00007ff828120000 	/System/Library/Frameworks/Kerberos.framework/Versions/A/Libraries/libHeimdalProxy.dylib
0x00007ff82144f000 	/System/Library/PrivateFrameworks/CommonAuth.framework/Versions/A/CommonAuth
0x00007ffa2913f000 	/System/Library/Frameworks/AVFAudio.framework/Versions/A/AVFAudio
0x00007ff82f4fb000 	/System/Library/PrivateFrameworks/AXCoreUtilities.framework/Versions/A/AXCoreUtilities
0x00007ff820c3b000 	/System/Library/PrivateFrameworks/AudioSession.framework/Versions/A/AudioSession
0x00007ff82221c000 	/System/Library/Frameworks/IOBluetooth.framework/Versions/A/IOBluetooth
0x00007ff81eb5e000 	/System/Library/PrivateFrameworks/MediaExperience.framework/Versions/A/MediaExperience
0x00007ff820ae3000 	/System/Library/PrivateFrameworks/AudioSession.framework/libSessionUtility.dylib
0x00007ff8210a5000 	/System/Library/PrivateFrameworks/AudioResourceArbitration.framework/Versions/A/AudioResourceArbitration
0x00007ff82516b000 	/System/Library/PrivateFrameworks/PowerLog.framework/Versions/A/PowerLog
0x00007ff8250ad000 	/System/Library/Frameworks/CoreBluetooth.framework/Versions/A/CoreBluetooth
0x00007ff828121000 	/System/Library/Frameworks/AudioUnit.framework/Versions/A/AudioUnit
0x00007ff81d06f000 	/System/Library/PrivateFrameworks/CoreUtils.framework/Versions/A/CoreUtils
0x00007ffb137ad000 	/System/Library/PrivateFrameworks/CoreUtilsExtras.framework/Versions/A/CoreUtilsExtras
0x00007ffb18455000 	/System/Library/PrivateFrameworks/IO80211.framework/Versions/A/IO80211
0x00007ff81eacc000 	/System/Library/PrivateFrameworks/IconFoundation.framework/Versions/A/IconFoundation
0x00007ff824182000 	/System/Library/PrivateFrameworks/SpeechRecognitionCore.framework/Versions/A/SpeechRecognitionCore
0x000000010e170000 	/Library/Java/JavaVirtualMachines/jdk-12.0.2.jdk/Contents/Home/lib/server/libjvm.dylib
0x000000010d489000 	/Library/Java/JavaVirtualMachines/jdk-12.0.2.jdk/Contents/Home/lib/libverify.dylib
0x000000010d4cd000 	/Library/Java/JavaVirtualMachines/jdk-12.0.2.jdk/Contents/Home/lib/libjava.dylib
0x000000010d4a9000 	/Library/Java/JavaVirtualMachines/jdk-12.0.2.jdk/Contents/Home/lib/libinstrument.dylib
0x000000010d568000 	/Library/Java/JavaVirtualMachines/jdk-12.0.2.jdk/Contents/Home/lib/libzip.dylib
0x000000010d57e000 	/Library/Java/JavaVirtualMachines/jdk-12.0.2.jdk/Contents/Home/lib/libjimage.dylib
0x0000000134b63000 	/Library/Java/JavaVirtualMachines/jdk-12.0.2.jdk/Contents/Home/lib/libnio.dylib
0x0000000134b9d000 	/Library/Java/JavaVirtualMachines/jdk-12.0.2.jdk/Contents/Home/lib/libnet.dylib
0x0000000134ae8000 	/Library/Java/JavaVirtualMachines/jdk-12.0.2.jdk/Contents/Home/lib/libextnet.dylib
0x00000001352aa000 	/Library/Java/JavaVirtualMachines/jdk-12.0.2.jdk/Contents/Home/lib/libawt.dylib
0x00000001353e4000 	/Library/Java/JavaVirtualMachines/jdk-12.0.2.jdk/Contents/Home/lib/libmlib_image.dylib
0x00007ffa2a401000 	/System/Library/Frameworks/JavaNativeFoundation.framework/Versions/A/JavaNativeFoundation
0x00007ffa2a40d000 	/System/Library/Frameworks/JavaRuntimeSupport.framework/Versions/A/JavaRuntimeSupport
0x00007ff9153a0000 	/System/Library/Frameworks/Carbon.framework/Versions/A/Carbon
0x00007ff826456000 	/System/Library/PrivateFrameworks/CoreSymbolication.framework/Versions/A/CoreSymbolication
0x00007ff82bc65000 	/System/Library/Frameworks/Carbon.framework/Versions/A/Frameworks/CommonPanels.framework/Versions/A/CommonPanels
0x00007ff827aa1000 	/System/Library/Frameworks/Carbon.framework/Versions/A/Frameworks/Help.framework/Versions/A/Help
0x00007ff82bc69000 	/System/Library/Frameworks/Carbon.framework/Versions/A/Frameworks/ImageCapture.framework/Versions/A/ImageCapture
0x00007ff82bc39000 	/System/Library/Frameworks/Carbon.framework/Versions/A/Frameworks/OpenScripting.framework/Versions/A/OpenScripting
0x00007ff82bc61000 	/System/Library/Frameworks/Carbon.framework/Versions/A/Frameworks/Ink.framework/Versions/A/Ink
0x00007ff91539c000 	/System/Library/Frameworks/Carbon.framework/Versions/A/Frameworks/Print.framework/Versions/A/Print
0x00007ff82bc5d000 	/System/Library/Frameworks/Carbon.framework/Versions/A/Frameworks/SecurityHI.framework/Versions/A/SecurityHI
0x00007ff82641b000 	/System/Library/PrivateFrameworks/DebugSymbols.framework/Versions/A/DebugSymbols
0x000000013556f000 	/Library/Java/JavaVirtualMachines/jdk-12.0.2.jdk/Contents/Home/lib/libawt_lwawt.dylib
0x0000000135252000 	/Library/Java/JavaVirtualMachines/jdk-12.0.2.jdk/Contents/Home/lib/libosxapp.dylib
0x00007ff91455c000 	/System/Library/Frameworks/ExceptionHandling.framework/Versions/A/ExceptionHandling
0x00000001357e4000 	/Library/Java/JavaVirtualMachines/jdk-12.0.2.jdk/Contents/Home/lib/libfontmanager.dylib
0x0000000135a28000 	/Library/Java/JavaVirtualMachines/jdk-12.0.2.jdk/Contents/Home/lib/libfreetype.dylib
0x00007ff82575d000 	/System/Library/Frameworks/FileProvider.framework/Versions/A/FileProvider
0x00007ff818031000 	/System/Library/Frameworks/Accounts.framework/Versions/A/Accounts
0x00007ff81a4cc000 	/System/Library/PrivateFrameworks/UserManagement.framework/Versions/A/UserManagement
0x00007ff8258e6000 	/System/Library/PrivateFrameworks/GenerationalStorage.framework/Versions/A/GenerationalStorage
0x00007ff825160000 	/System/Library/PrivateFrameworks/SymptomDiagnosticReporter.framework/Versions/A/SymptomDiagnosticReporter
0x00007ff815f1f000 	/System/Library/PrivateFrameworks/DesktopServicesPriv.framework/Versions/A/DesktopServicesPriv
0x00007ff814ce7000 	/usr/lib/libsandbox.1.dylib
0x00007ff821086000 	/System/Library/PrivateFrameworks/NetAuth.framework/Versions/A/NetAuth
0x00007ff8220a0000 	/System/Library/PrivateFrameworks/Sharing.framework/Versions/A/Sharing
0x00007ff81a492000 	/System/Library/PrivateFrameworks/login.framework/Versions/A/Frameworks/loginsupport.framework/Versions/A/loginsupport
0x00007ff827651000 	/System/Library/PrivateFrameworks/Apple80211.framework/Versions/A/Apple80211
0x00007ff81d9da000 	/System/Library/PrivateFrameworks/AuthKit.framework/Versions/A/AuthKit
0x00007ff81cff5000 	/System/Library/Frameworks/CoreWLAN.framework/Versions/A/CoreWLAN
0x00007ff827655000 	/System/Library/PrivateFrameworks/CoreWiFi.framework/Versions/A/CoreWiFi
0x00007ffa188ac000 	/System/Library/PrivateFrameworks/WiFiPeerToPeer.framework/Versions/A/WiFiPeerToPeer
0x00007ff825fc8000 	/System/Library/PrivateFrameworks/FrontBoardServices.framework/Versions/A/FrontBoardServices
0x00007ff82605f000 	/System/Library/PrivateFrameworks/BoardServices.framework/Versions/A/BoardServices
0x00007ff8277b3000 	/System/Library/PrivateFrameworks/BackBoardServices.framework/Versions/A/BackBoardServices
0x00007ff81db40000 	/System/Library/Frameworks/UserNotifications.framework/Versions/A/UserNotifications
0x00007ff821543000 	/System/Library/PrivateFrameworks/CorePhoneNumbers.framework/Versions/A/CorePhoneNumbers
0x00007ff820d82000 	/System/Library/PrivateFrameworks/MultiverseSupport.framework/Versions/A/MultiverseSupport
0x00007ff827a2e000 	/System/Library/PrivateFrameworks/RemoteServiceDiscovery.framework/Versions/A/RemoteServiceDiscovery
0x00007ff82527e000 	/System/Library/PrivateFrameworks/DiskManagement.framework/Versions/A/DiskManagement
0x00007ff825192000 	/System/Library/PrivateFrameworks/AppleIDAuthSupport.framework/Versions/A/AppleIDAuthSupport
0x00007ffa2dc50000 	/System/Library/PrivateFrameworks/AAAFoundation.framework/Versions/A/AAAFoundation
0x00007ff82151c000 	/System/Library/PrivateFrameworks/KeychainCircle.framework/Versions/A/KeychainCircle
0x00007ff827a3e000 	/System/Library/PrivateFrameworks/RemoteXPC.framework/Versions/A/RemoteXPC
0x00007ff82524a000 	/System/Library/PrivateFrameworks/MediaKit.framework/Versions/A/MediaKit
0x00007ff82519e000 	/System/Library/Frameworks/DiscRecording.framework/Versions/A/DiscRecording
0x00007ff81e9d0000 	/usr/lib/libCoreStorage.dylib
0x00007ff827aa9000 	/usr/lib/libcsfde.dylib
0x00007ff8222ed000 	/System/Library/PrivateFrameworks/ProtectedCloudStorage.framework/Versions/A/ProtectedCloudStorage
0x00007ff827aa5000 	/System/Library/PrivateFrameworks/EFILogin.framework/Versions/A/EFILogin
0x00007ff82590c000 	/System/Library/PrivateFrameworks/OctagonTrust.framework/Versions/A/OctagonTrust
0x00007ff81e9c8000 	/usr/lib/libMatch.1.dylib


VM Arguments:
jvm_args: -javaagent:/Applications/IntelliJ IDEA.app/Contents/lib/idea_rt.jar=61324:/Applications/IntelliJ IDEA.app/Contents/bin -Dfile.encoding=UTF-8 
java_command: FailliTesi
java_class_path (initial): /Users/riccardoreali/Desktop/eulero-workspace/rospo/target/classes:/Users/riccardoreali/Desktop/eulero-workspace/eulero/eulero/target/classes:/Users/riccardoreali/.m2/repository/com/google/guava/guava/30.1-jre/guava-30.1-jre.jar:/Users/riccardoreali/.m2/repository/com/google/guava/failureaccess/1.0.1/failureaccess-1.0.1.jar:/Users/riccardoreali/.m2/repository/com/google/guava/listenablefuture/9999.0-empty-to-avoid-conflict-with-guava/listenablefuture-9999.0-empty-to-avoid-conflict-with-guava.jar:/Users/riccardoreali/.m2/repository/com/google/code/findbugs/jsr305/3.0.2/jsr305-3.0.2.jar:/Users/riccardoreali/.m2/repository/org/checkerframework/checker-qual/3.5.0/checker-qual-3.5.0.jar:/Users/riccardoreali/.m2/repository/com/google/errorprone/error_prone_annotations/2.3.4/error_prone_annotations-2.3.4.jar:/Users/riccardoreali/.m2/repository/com/google/j2objc/j2objc-annotations/1.3/j2objc-annotations-1.3.jar:/Users/riccardoreali/.m2/repository/org/jfree/jfreechart/1.5.2/jfreechart-1.5.2.jar:/Users/riccardoreali/.m2/repository/jakarta/xml/bind/jakarta.xml.bind-api/3.0.0/jakarta.xml.bind-api-3.0.0.jar:/Users/riccardoreali/.m2/repository/com/sun/activation/jakarta.activation/2.0.0/jakarta.activation-2.0.0.jar:/Users/riccardoreali/.m2/repository/com/sun/xml/bind/jaxb-impl/3.0.0/jaxb-impl-3.0.0.jar:/Users/riccardoreali/.m2/repository/com/sun/xml/bind/jaxb-core/3.0.0/jaxb-core-3.0.0.jar:/Users/riccardoreali/.m2/repository/com/github/sh0nk/matplotlib4j/0.5.0/matplotlib4j-0.5.0.jar:/Users/riccardoreali/.m2/repository/org/slf4j/slf4j-api/1.7.7/slf4j-api-1.7.7.jar:/Users/riccardoreali/.m2/repository/org/slf4j/slf4j-log4j12/1.7.7/slf4j-log4j12-1.7.7.jar:/Users/riccardoreali/.m2/repository/log4j/log4j/1.2.17/log4j-1.2.17.jar:/Users/riccardoreali/.m2/repository/org/tinyjee/jgraphx/jgraphx/3.4.1.3/jgraphx-3.4.1.3.jar:/Users/riccardoreali/.m2/repository/org/apache/commons/commons-lang3/3.12.0/commons-lang3-3.12.0.jar:/Users/riccardoreali/.m2/repository/org/
Launcher Type: SUN_STANDARD

[Global flags]
     intx CICompilerCount                          = 4                                         {product} {ergonomic}
     uint ConcGCThreads                            = 2                                         {product} {ergonomic}
     uint G1ConcRefinementThreads                  = 8                                         {product} {ergonomic}
   size_t G1HeapRegionSize                         = 1048576                                   {product} {ergonomic}
    uintx GCDrainStackTargetSize                   = 64                                        {product} {ergonomic}
   size_t InitialHeapSize                          = 268435456                                 {product} {ergonomic}
   size_t MarkStackSize                            = 4194304                                   {product} {ergonomic}
   size_t MaxHeapSize                              = 4294967296                                {product} {ergonomic}
   size_t MaxNewSize                               = 2576351232                                {product} {ergonomic}
   size_t MinHeapDeltaBytes                        = 1048576                                   {product} {ergonomic}
    uintx NonNMethodCodeHeapSize                   = 5836300                                {pd product} {ergonomic}
    uintx NonProfiledCodeHeapSize                  = 122910970                              {pd product} {ergonomic}
    uintx ProfiledCodeHeapSize                     = 122910970                              {pd product} {ergonomic}
    uintx ReservedCodeCacheSize                    = 251658240                              {pd product} {ergonomic}
     bool SegmentedCodeCache                       = true                                      {product} {ergonomic}
     bool UseCompressedClassPointers               = true                                 {lp64_product} {ergonomic}
     bool UseCompressedOops                        = true                                 {lp64_product} {ergonomic}
     bool UseG1GC                                  = true                                      {product} {ergonomic}

Logging:
Log output configuration:
 #0: stdout all=warning uptime,level,tags
 #1: stderr all=off uptime,level,tags

Environment Variables:
PATH=/Users/riccardoreali/.nvm/versions/node/v15.5.0/bin:/opt/local/bin:/opt/local/sbin:/usr/local/bin:/System/Cryptexes/App/usr/bin:/usr/bin:/bin:/usr/sbin:/sbin:/Library/TeX/texbin:/usr/local/share/dotnet:~/.dotnet/tools:/Library/Apple/usr/bin:/Library/Frameworks/Mono.framework/Versions/Current/Commands
SHELL=/bin/bash

Signal Handlers:
SIGSEGV: [libjvm.dylib+0x735418], sa_mask[0]=11111111111111111111111111111111, sa_flags=SA_ONSTACK|SA_RESTART|SA_SIGINFO
SIGBUS: [libjvm.dylib+0x735418], sa_mask[0]=11111111111111111111111111111111, sa_flags=SA_RESTART|SA_SIGINFO
SIGFPE: [libjvm.dylib+0x735418], sa_mask[0]=11111111111111111111111111111111, sa_flags=SA_RESTART|SA_SIGINFO
SIGPIPE: [libjvm.dylib+0x5dce9e], sa_mask[0]=11111111111111111111111111111111, sa_flags=SA_RESTART|SA_SIGINFO
SIGXFSZ: [libjvm.dylib+0x5dce9e], sa_mask[0]=11111111111111111111111111111111, sa_flags=SA_RESTART|SA_SIGINFO
SIGILL: [libjvm.dylib+0x735418], sa_mask[0]=11111111111111111111111111111111, sa_flags=SA_RESTART|SA_SIGINFO
SIGUSR2: [libjvm.dylib+0x5dd483], sa_mask[0]=00100000000000000000000000000000, sa_flags=SA_RESTART|SA_SIGINFO
SIGHUP: [libjvm.dylib+0x5dc143], sa_mask[0]=11111111111111111111111111111111, sa_flags=SA_RESTART|SA_SIGINFO
SIGINT: [libjvm.dylib+0x5dc143], sa_mask[0]=11111111111111111111111111111111, sa_flags=SA_RESTART|SA_SIGINFO
SIGTERM: [libjvm.dylib+0x5dc143], sa_mask[0]=11111111111111111111111111111111, sa_flags=SA_RESTART|SA_SIGINFO
SIGQUIT: [libjvm.dylib+0x5dc143], sa_mask[0]=11111111111111111111111111111111, sa_flags=SA_RESTART|SA_SIGINFO


---------------  S Y S T E M  ---------------

OS:uname:Darwin 22.1.0 Darwin Kernel Version 22.1.0: Sun Oct  9 20:15:09 PDT 2022; root:xnu-8792.41.9~2/RELEASE_ARM64_T6000 x86_64
rlimit: STACK 8176k, CORE 0k, NPROC 2666, NOFILE 10240, AS infinity, DATA infinity, FSIZE infinity
load average:8.66 7.02 7.16

CPU:total 8 (initial active 8) (1 cores per cpu, 1 threads per core) family 6 model 44 stepping 0, cmov, cx8, fxsr, mmx, sse, sse2, sse3, ssse3, sse4.1, sse4.2, popcnt, aes, clmul, tsc, tscinvbit, tscinv

Memory: 4k page, physical 16777216k(17788k free)

vm_info: Java HotSpot(TM) 64-Bit Server VM (12.0.2+10) for bsd-amd64 JRE (12.0.2+10), built on Jul 16 2019 00:56:38 by "mach5one" with gcc 4.2.1 Compatible Apple LLVM 9.1.0 (clang-902.0.39.2)

END.
